2026-03-05 21:10:58,037 | INFO | log file: C:\Users\ranif\Desktop\Projects\CompSProjects\fl_backup_cleaner\src\logs\fl_backup_cleaner_20260305_211058.log
2026-03-05 21:11:42,162 | INFO | scan start: C:\Users\ranif\Desktop\Music\!Projects
2026-03-05 21:12:10,222 | INFO | cleaned C:\Users\ranif\Desktop\Music\!Projects\Bodies\CMPN2631\A2\A2 Comp B\Backup removed=100 errors=0
2026-03-05 21:12:11,430 | INFO | cleaned C:\Users\ranif\Desktop\Music\!Projects\Bodies\CMPN2631\A2\Backup removed=100 errors=0
2026-03-05 21:12:12,676 | INFO | cleaned C:\Users\ranif\Desktop\Music\!Projects\Bodies\Lost Files\24-CM80 New Toyota\Backup removed=100 errors=0
2026-03-05 21:12:13,882 | INFO | cleaned C:\Users\ranif\Desktop\Music\!Projects\Bodies\Lost Files\27-Cm110 Burn The Sky\Backup removed=100 errors=0
2026-03-05 21:12:14,383 | INFO | cleaned C:\Users\ranif\Desktop\Music\!Projects\Bodies\Lost Files\31-Dm106 Mileage\Backup removed=42 errors=0
2026-03-05 21:12:15,585 | INFO | cleaned C:\Users\ranif\Desktop\Music\!Projects\Bodies\Lost Files\6-DM108 Puff Puff Pass\Backup removed=95 errors=0
2026-03-05 21:12:16,811 | INFO | cleaned C:\Users\ranif\Desktop\Music\!Projects\Bodies\Lost Files\7-A#M118 Used To\Backup removed=100 errors=0
2026-03-05 21:12:16,837 | INFO | cleaned C:\Users\ranif\Desktop\Music\!Projects\Bodies\Lost Files\9-Fm140 What is fendi\Backup removed=2 errors=0
2026-03-05 21:12:17,999 | INFO | cleaned C:\Users\ranif\Desktop\Music\!Projects\Bodies\Lost Files\CM128 Talking Flaws\Backup removed=96 errors=0
2026-03-05 21:12:18,474 | INFO | cleaned C:\Users\ranif\Desktop\Music\!Projects\Bodies\MUSC3603\Fix the Mix\71 Uncertain Tea\Backup removed=39 errors=0
2026-03-05 21:12:18,500 | INFO | cleaned C:\Users\ranif\Desktop\Music\!Projects\Bodies\MUSC3603\Fix the Mix\82 String Medley\Backup removed=2 errors=0
2026-03-05 21:12:18,536 | INFO | cleaned C:\Users\ranif\Desktop\Music\!Projects\Bodies\MUSC3603\Master practice\Background Jazz Flute\Backup removed=3 errors=0
2026-03-05 21:12:18,538 | INFO | cleaned C:\Users\ranif\Desktop\Music\!Projects\Bodies\MUSC3603\W3YouJustForgotStems\MixPractice\Backup removed=0 errors=0
2026-03-05 21:12:19,004 | INFO | cleaned C:\Users\ranif\Desktop\Music\!Projects\EditEngineer\HungOutEdit\Backup removed=39 errors=0
2026-03-05 21:12:19,007 | INFO | cleaned C:\Users\ranif\Desktop\Music\!Projects\Practices\BURN\Backup removed=0 errors=0
2026-03-05 21:12:19,008 | INFO | cleaned C:\Users\ranif\Desktop\Music\!Projects\Practices\I LIKE - Tory Lanez\Backup removed=0 errors=0
2026-03-05 21:12:19,009 | INFO | cleaned C:\Users\ranif\Desktop\Music\!Projects\Practices\JPEG Either on or off the drugs\Backup removed=0 errors=0
2026-03-05 21:12:19,035 | INFO | cleaned C:\Users\ranif\Desktop\Music\!Projects\Practices\Project_1\Backup removed=2 errors=0
2026-03-05 21:12:19,035 | INFO | cleaned C:\Users\ranif\Desktop\Music\!Projects\Singulars\24dec\Am97 Nile\Backup removed=0 errors=0
2026-03-05 21:12:19,035 | INFO | cleaned C:\Users\ranif\Desktop\Music\!Projects\Singulars\24dec\Cm128\Backup removed=0 errors=0
2026-03-05 21:12:19,035 | INFO | cleaned C:\Users\ranif\Desktop\Music\!Projects\Singulars\24dec\DM124 Sim\Backup removed=0 errors=0
2026-03-05 21:12:19,035 | INFO | cleaned C:\Users\ranif\Desktop\Music\!Projects\Singulars\24dec\Em120 Haunt\Backup removed=0 errors=0
2026-03-05 21:12:19,035 | INFO | cleaned C:\Users\ranif\Desktop\Music\!Projects\Singulars\24dec\F#m120 Mak\Backup removed=0 errors=0
2026-03-05 21:12:19,036 | INFO | cleaned C:\Users\ranif\Desktop\Music\!Projects\Singulars\24dec\Fm120 Storing\Backup removed=0 errors=0
2026-03-05 21:12:19,036 | INFO | cleaned C:\Users\ranif\Desktop\Music\!Projects\Singulars\24dec\Gm120 Wa wa wa\Backup removed=0 errors=0
2026-03-05 21:12:19,048 | INFO | cleaned C:\Users\ranif\Desktop\Music\!Projects\Singulars\24dec\Project_1\Backup removed=1 errors=0
2026-03-05 21:12:19,049 | INFO | cleaned C:\Users\ranif\Desktop\Music\!Projects\Singulars\24dec\Project_2\Backup removed=0 errors=0
2026-03-05 21:12:19,049 | INFO | cleaned C:\Users\ranif\Desktop\Music\!Projects\Singulars\24nov\A#m124 Feathering\Backup removed=0 errors=0
2026-03-05 21:12:19,049 | INFO | cleaned C:\Users\ranif\Desktop\Music\!Projects\Singulars\24nov\A#M132 Life\Backup removed=0 errors=0
2026-03-05 21:12:19,050 | INFO | cleaned C:\Users\ranif\Desktop\Music\!Projects\Singulars\24nov\Am118 Keep Me Warm\Backup removed=0 errors=0
2026-03-05 21:12:19,051 | INFO | cleaned C:\Users\ranif\Desktop\Music\!Projects\Singulars\24nov\Am124 Rush\Backup removed=0 errors=0
2026-03-05 21:12:19,063 | INFO | cleaned C:\Users\ranif\Desktop\Music\!Projects\Singulars\24nov\Am136 Barely Started\Backup removed=1 errors=0
2026-03-05 21:12:19,092 | INFO | cleaned C:\Users\ranif\Desktop\Music\!Projects\Singulars\24nov\Am146 Let up\Backup removed=2 errors=0
2026-03-05 21:12:19,107 | INFO | cleaned C:\Users\ranif\Desktop\Music\!Projects\Singulars\24nov\Bm120 Synetate\Backup removed=1 errors=0
2026-03-05 21:12:19,108 | INFO | cleaned C:\Users\ranif\Desktop\Music\!Projects\Singulars\24nov\Bm82 Two Months Ago\Backup removed=0 errors=0
2026-03-05 21:12:19,109 | INFO | cleaned C:\Users\ranif\Desktop\Music\!Projects\Singulars\24nov\C#m120 People Want Love\Backup removed=0 errors=0
2026-03-05 21:12:19,110 | INFO | cleaned C:\Users\ranif\Desktop\Music\!Projects\Singulars\24nov\C#m120 Rooftops\Backup removed=0 errors=0
2026-03-05 21:12:19,111 | INFO | cleaned C:\Users\ranif\Desktop\Music\!Projects\Singulars\24nov\C#m145 Soft\Backup removed=0 errors=0
2026-03-05 21:12:19,134 | INFO | cleaned C:\Users\ranif\Desktop\Music\!Projects\Singulars\24nov\Cm128 Waiting\Backup removed=2 errors=0
2026-03-05 21:12:19,155 | INFO | cleaned C:\Users\ranif\Desktop\Music\!Projects\Singulars\24nov\CM94 DrumNBass\Backup removed=1 errors=0
2026-03-05 21:12:19,180 | INFO | cleaned C:\Users\ranif\Desktop\Music\!Projects\Singulars\24nov\D#M124 Vin\Backup removed=2 errors=0
2026-03-05 21:12:19,183 | INFO | cleaned C:\Users\ranif\Desktop\Music\!Projects\Singulars\24nov\DM118 Are You Mine\Backup removed=0 errors=0
2026-03-05 21:12:19,184 | INFO | cleaned C:\Users\ranif\Desktop\Music\!Projects\Singulars\24nov\Dm128 Major Searg\Backup removed=0 errors=0
2026-03-05 21:12:19,184 | INFO | cleaned C:\Users\ranif\Desktop\Music\!Projects\Singulars\24nov\Em80 Elastic\Backup removed=0 errors=0
2026-03-05 21:12:19,184 | INFO | cleaned C:\Users\ranif\Desktop\Music\!Projects\Singulars\24nov\F#m100 Lying To Myself\Backup removed=0 errors=0
2026-03-05 21:12:19,184 | INFO | cleaned C:\Users\ranif\Desktop\Music\!Projects\Singulars\24nov\F#m120 Curb\Backup removed=0 errors=0
2026-03-05 21:12:19,198 | INFO | cleaned C:\Users\ranif\Desktop\Music\!Projects\Singulars\24nov\F#m124 EG\Backup removed=1 errors=0
2026-03-05 21:12:19,211 | INFO | cleaned C:\Users\ranif\Desktop\Music\!Projects\Singulars\24nov\Fm120 Bladee\Backup removed=1 errors=0
2026-03-05 21:12:19,211 | INFO | cleaned C:\Users\ranif\Desktop\Music\!Projects\Singulars\24nov\Fm120 Right\Backup removed=0 errors=0
2026-03-05 21:12:19,211 | INFO | cleaned C:\Users\ranif\Desktop\Music\!Projects\Singulars\24nov\Fm124 Pray\Backup removed=0 errors=0
2026-03-05 21:12:19,212 | INFO | cleaned C:\Users\ranif\Desktop\Music\!Projects\Singulars\24nov\Fm142 Harmon\Backup removed=0 errors=0
2026-03-05 21:12:19,224 | INFO | cleaned C:\Users\ranif\Desktop\Music\!Projects\Singulars\24nov\G#m102 Floating\Backup removed=1 errors=0
2026-03-05 21:12:19,238 | INFO | cleaned C:\Users\ranif\Desktop\Music\!Projects\Singulars\24nov\G#m124 Ruse\Backup removed=1 errors=0
2026-03-05 21:12:19,239 | INFO | cleaned C:\Users\ranif\Desktop\Music\!Projects\Singulars\24nov\Gm120 Lowkey\Backup removed=0 errors=0
2026-03-05 21:12:19,240 | INFO | cleaned C:\Users\ranif\Desktop\Music\!Projects\Singulars\24nov\Hollywood Girl\Backup removed=0 errors=0
2026-03-05 21:12:19,302 | INFO | cleaned C:\Users\ranif\Desktop\Music\!Projects\Singulars\24nov\Project_1\Backup removed=4 errors=0
2026-03-05 21:12:19,302 | INFO | cleaned C:\Users\ranif\Desktop\Music\!Projects\Singulars\24nov\Project_2\Backup removed=0 errors=0
2026-03-05 21:12:19,303 | INFO | cleaned C:\Users\ranif\Desktop\Music\!Projects\Singulars\24nov\Project_3\Backup removed=0 errors=0
2026-03-05 21:12:19,316 | INFO | cleaned C:\Users\ranif\Desktop\Music\!Projects\Singulars\24nov\Project_4\Backup removed=1 errors=0
2026-03-05 21:12:19,353 | INFO | cleaned C:\Users\ranif\Desktop\Music\!Projects\Singulars\24nov\Project_5\Backup removed=3 errors=0
2026-03-05 21:12:19,357 | INFO | cleaned C:\Users\ranif\Desktop\Music\!Projects\Singulars\24oct\116m A knee\Backup removed=0 errors=0
2026-03-05 21:12:19,360 | INFO | cleaned C:\Users\ranif\Desktop\Music\!Projects\Singulars\24oct\124 Drummage\Backup removed=0 errors=0
2026-03-05 21:12:19,766 | INFO | cleaned C:\Users\ranif\Desktop\Music\!Projects\Singulars\24oct\A#m120 Bird\Backup removed=34 errors=0
2026-03-05 21:12:19,768 | INFO | cleaned C:\Users\ranif\Desktop\Music\!Projects\Singulars\24oct\A#m136 Hated\Backup removed=0 errors=0
2026-03-05 21:12:19,769 | INFO | cleaned C:\Users\ranif\Desktop\Music\!Projects\Singulars\24oct\A#m82 Ginger\Backup removed=0 errors=0
2026-03-05 21:12:19,819 | INFO | cleaned C:\Users\ranif\Desktop\Music\!Projects\Singulars\24oct\C#m118 Shtorm\Backup removed=4 errors=0
2026-03-05 21:12:19,821 | INFO | cleaned C:\Users\ranif\Desktop\Music\!Projects\Singulars\24oct\C#m88 Wait\Backup removed=0 errors=0
2026-03-05 21:12:19,821 | INFO | cleaned C:\Users\ranif\Desktop\Music\!Projects\Singulars\24oct\D#m124 Cloudy\Backup removed=0 errors=0
2026-03-05 21:12:19,822 | INFO | cleaned C:\Users\ranif\Desktop\Music\!Projects\Singulars\24oct\D#m140 Synthbass\Backup removed=0 errors=0
2026-03-05 21:12:19,931 | INFO | cleaned C:\Users\ranif\Desktop\Music\!Projects\Singulars\24oct\DM132 Eyes\Backup removed=9 errors=0
2026-03-05 21:12:19,933 | INFO | cleaned C:\Users\ranif\Desktop\Music\!Projects\Singulars\24oct\Em142 Detox\Backup removed=0 errors=0
2026-03-05 21:12:19,933 | INFO | cleaned C:\Users\ranif\Desktop\Music\!Projects\Singulars\24oct\G#m102 Slow\Backup removed=0 errors=0
2026-03-05 21:12:19,934 | INFO | cleaned C:\Users\ranif\Desktop\Music\!Projects\Singulars\24oct\G#m148 No quality\Backup removed=0 errors=0
2026-03-05 21:12:19,934 | INFO | cleaned C:\Users\ranif\Desktop\Music\!Projects\Singulars\24oct\G#m148 Paddy cake\Backup removed=0 errors=0
2026-03-05 21:12:19,950 | INFO | cleaned C:\Users\ranif\Desktop\Music\!Projects\Singulars\24oct\Gm132 Constant\Backup removed=1 errors=0
2026-03-05 21:12:19,950 | INFO | cleaned C:\Users\ranif\Desktop\Music\!Projects\Singulars\24oct\Harmony\Backup removed=0 errors=0
2026-03-05 21:12:19,989 | INFO | cleaned C:\Users\ranif\Desktop\Music\!Projects\Singulars\24oct\OPddone\Backup removed=3 errors=0
2026-03-05 21:12:19,989 | INFO | cleaned C:\Users\ranif\Desktop\Music\!Projects\Singulars\24oct\Project_1\Backup removed=0 errors=0
2026-03-05 21:12:19,990 | INFO | cleaned C:\Users\ranif\Desktop\Music\!Projects\Singulars\24oct\Project_2\Backup removed=0 errors=0
2026-03-05 21:12:19,990 | INFO | cleaned C:\Users\ranif\Desktop\Music\!Projects\Singulars\24oct\Project_3\Backup removed=0 errors=0
2026-03-05 21:12:19,991 | INFO | cleaned C:\Users\ranif\Desktop\Music\!Projects\Singulars\25apr\A#m108 hopefully\Backup removed=0 errors=0
2026-03-05 21:12:19,991 | INFO | cleaned C:\Users\ranif\Desktop\Music\!Projects\Singulars\25apr\C#M96 Hum\Backup removed=0 errors=0
2026-03-05 21:12:19,993 | INFO | cleaned C:\Users\ranif\Desktop\Music\!Projects\Singulars\25apr\Cm124 fuuuuuucc\Backup removed=0 errors=0
2026-03-05 21:12:19,993 | INFO | cleaned C:\Users\ranif\Desktop\Music\!Projects\Singulars\25apr\D#M118 Chip\Backup removed=0 errors=0
2026-03-05 21:12:19,993 | INFO | cleaned C:\Users\ranif\Desktop\Music\!Projects\Singulars\25apr\D#m118 laid\Backup removed=0 errors=0
2026-03-05 21:12:19,994 | INFO | cleaned C:\Users\ranif\Desktop\Music\!Projects\Singulars\25apr\Dm140 S\Backup removed=0 errors=0
2026-03-05 21:12:19,994 | INFO | cleaned C:\Users\ranif\Desktop\Music\!Projects\Singulars\25apr\EM124 mcan\Backup removed=0 errors=0
2026-03-05 21:12:19,994 | INFO | cleaned C:\Users\ranif\Desktop\Music\!Projects\Singulars\25apr\Fm116\Backup removed=0 errors=0
2026-03-05 21:12:19,995 | INFO | cleaned C:\Users\ranif\Desktop\Music\!Projects\Singulars\25apr\FM118 Seasons\Backup removed=0 errors=0
2026-03-05 21:12:19,996 | INFO | cleaned C:\Users\ranif\Desktop\Music\!Projects\Singulars\25apr\G#M120 or som\Backup removed=0 errors=0
2026-03-05 21:12:19,996 | INFO | cleaned C:\Users\ranif\Desktop\Music\!Projects\Singulars\25apr\Project_1\Backup removed=0 errors=0
2026-03-05 21:12:19,997 | INFO | cleaned C:\Users\ranif\Desktop\Music\!Projects\Singulars\25apr\Project_2\Backup removed=0 errors=0
2026-03-05 21:12:19,997 | INFO | cleaned C:\Users\ranif\Desktop\Music\!Projects\Singulars\25apr\Project_3\Backup removed=0 errors=0
2026-03-05 21:12:19,997 | INFO | cleaned C:\Users\ranif\Desktop\Music\!Projects\Singulars\25apr\Project_4\Backup removed=0 errors=0
2026-03-05 21:12:19,998 | INFO | cleaned C:\Users\ranif\Desktop\Music\!Projects\Singulars\25apr\Project_5\Backup removed=0 errors=0
2026-03-05 21:12:19,998 | INFO | cleaned C:\Users\ranif\Desktop\Music\!Projects\Singulars\25aug\A#M114 end\Backup removed=0 errors=0
2026-03-05 21:12:19,998 | INFO | cleaned C:\Users\ranif\Desktop\Music\!Projects\Singulars\25aug\Am106\Backup removed=0 errors=0
2026-03-05 21:12:19,999 | INFO | cleaned C:\Users\ranif\Desktop\Music\!Projects\Singulars\25aug\Am116 cold\Backup removed=0 errors=0
2026-03-05 21:12:20,483 | INFO | cleaned C:\Users\ranif\Desktop\Music\!Projects\Singulars\25aug\Bm116 Psychy\Backup removed=39 errors=0
2026-03-05 21:12:20,524 | INFO | cleaned C:\Users\ranif\Desktop\Music\!Projects\Singulars\25aug\Bm88 journey\Backup removed=3 errors=0
2026-03-05 21:12:20,538 | INFO | cleaned C:\Users\ranif\Desktop\Music\!Projects\Singulars\25aug\C#m140 kad\Backup removed=1 errors=0
2026-03-05 21:12:20,539 | INFO | cleaned C:\Users\ranif\Desktop\Music\!Projects\Singulars\25aug\D#m108 smooth\Backup removed=0 errors=0
2026-03-05 21:12:20,842 | INFO | cleaned C:\Users\ranif\Desktop\Music\!Projects\Singulars\25aug\EM140 pay\Backup removed=25 errors=0
2026-03-05 21:12:20,892 | INFO | cleaned C:\Users\ranif\Desktop\Music\!Projects\Singulars\25aug\Fm96 Born again\Backup removed=4 errors=0
2026-03-05 21:12:21,076 | INFO | cleaned C:\Users\ranif\Desktop\Music\!Projects\Singulars\25aug\G#m110 way\Backup removed=15 errors=0
2026-03-05 21:12:21,339 | INFO | cleaned C:\Users\ranif\Desktop\Music\!Projects\Singulars\25aug\GM132 Damn\Backup removed=22 errors=0
2026-03-05 21:12:21,375 | INFO | cleaned C:\Users\ranif\Desktop\Music\!Projects\Singulars\25aug\Project_1\Backup removed=3 errors=0
2026-03-05 21:12:21,377 | INFO | cleaned C:\Users\ranif\Desktop\Music\!Projects\Singulars\25aug\Project_2\Backup removed=0 errors=0
2026-03-05 21:12:21,378 | INFO | cleaned C:\Users\ranif\Desktop\Music\!Projects\Singulars\25aug\Project_3\Backup removed=0 errors=0
2026-03-05 21:12:21,610 | INFO | cleaned C:\Users\ranif\Desktop\Music\!Projects\Singulars\25aug\Project_4\Backup removed=19 errors=0
2026-03-05 21:12:22,103 | INFO | cleaned C:\Users\ranif\Desktop\Music\!Projects\Singulars\25dec\D#m118 feelings\Backup removed=40 errors=0
2026-03-05 21:12:22,610 | INFO | cleaned C:\Users\ranif\Desktop\Music\!Projects\Singulars\25dec\F#m78 Project_4\Backup removed=40 errors=0
2026-03-05 21:12:23,093 | INFO | cleaned C:\Users\ranif\Desktop\Music\!Projects\Singulars\25dec\G#m132 sih\Backup removed=40 errors=0
2026-03-05 21:12:23,391 | INFO | cleaned C:\Users\ranif\Desktop\Music\!Projects\Singulars\25dec\Project_1\Backup removed=25 errors=0
2026-03-05 21:12:23,872 | INFO | cleaned C:\Users\ranif\Desktop\Music\!Projects\Singulars\25dec\Project_2\Backup removed=40 errors=0
2026-03-05 21:12:24,342 | INFO | cleaned C:\Users\ranif\Desktop\Music\!Projects\Singulars\25dec\Project_3\Backup removed=39 errors=0
2026-03-05 21:12:24,382 | INFO | cleaned C:\Users\ranif\Desktop\Music\!Projects\Singulars\25dec\Project_4\Backup removed=3 errors=0
2026-03-05 21:12:24,384 | INFO | cleaned C:\Users\ranif\Desktop\Music\!Projects\Singulars\25feb\132 Hear thee\Backup removed=0 errors=0
2026-03-05 21:12:24,399 | INFO | cleaned C:\Users\ranif\Desktop\Music\!Projects\Singulars\25feb\A#m96 Failsafe\Backup removed=1 errors=0
2026-03-05 21:12:24,400 | INFO | cleaned C:\Users\ranif\Desktop\Music\!Projects\Singulars\25feb\Am102 Sick\Backup removed=0 errors=0
2026-03-05 21:12:24,438 | INFO | cleaned C:\Users\ranif\Desktop\Music\!Projects\Singulars\25feb\C#m120 SamIam\Backup removed=3 errors=0
2026-03-05 21:12:24,438 | INFO | cleaned C:\Users\ranif\Desktop\Music\!Projects\Singulars\25feb\D#m106 Closed Eyes\Backup removed=0 errors=0
2026-03-05 21:12:24,488 | INFO | cleaned C:\Users\ranif\Desktop\Music\!Projects\Singulars\25feb\D#m116 Born\Backup removed=4 errors=0
2026-03-05 21:12:24,562 | INFO | cleaned C:\Users\ranif\Desktop\Music\!Projects\Singulars\25feb\D#m120 Cranked\Backup removed=6 errors=0
2026-03-05 21:12:24,568 | INFO | cleaned C:\Users\ranif\Desktop\Music\!Projects\Singulars\25feb\Em92 Falter\Backup removed=0 errors=0
2026-03-05 21:12:24,916 | INFO | cleaned C:\Users\ranif\Desktop\Music\!Projects\Singulars\25feb\Em92 Falter\C#m98 Falter Vocals\Backup removed=28 errors=0
2026-03-05 21:12:24,917 | INFO | cleaned C:\Users\ranif\Desktop\Music\!Projects\Singulars\25feb\F#m120 ASHjdbij\Backup removed=0 errors=0
2026-03-05 21:12:24,917 | INFO | cleaned C:\Users\ranif\Desktop\Music\!Projects\Singulars\25feb\F#m120 State\Backup removed=0 errors=0
2026-03-05 21:12:24,941 | INFO | cleaned C:\Users\ranif\Desktop\Music\!Projects\Singulars\25feb\F#M134 Say\Backup removed=2 errors=0
2026-03-05 21:12:24,941 | INFO | cleaned C:\Users\ranif\Desktop\Music\!Projects\Singulars\25feb\G#m86 Planer\Backup removed=0 errors=0
2026-03-05 21:12:24,941 | INFO | cleaned C:\Users\ranif\Desktop\Music\!Projects\Singulars\25feb\Gm118 Unfated\Backup removed=0 errors=0
2026-03-05 21:12:24,942 | INFO | cleaned C:\Users\ranif\Desktop\Music\!Projects\Singulars\25feb\Project_1\Backup removed=0 errors=0
2026-03-05 21:12:25,024 | INFO | cleaned C:\Users\ranif\Desktop\Music\!Projects\Singulars\25feb\Project_2\Backup removed=7 errors=0
2026-03-05 21:12:25,025 | INFO | cleaned C:\Users\ranif\Desktop\Music\!Projects\Singulars\25feb\Project_3\Backup removed=0 errors=0
2026-03-05 21:12:25,025 | INFO | cleaned C:\Users\ranif\Desktop\Music\!Projects\Singulars\25jan\94 shoot me now\Backup removed=0 errors=0
2026-03-05 21:12:25,035 | INFO | cleaned C:\Users\ranif\Desktop\Music\!Projects\Singulars\25jan\A#M112 Neptune\Backup removed=0 errors=0
2026-03-05 21:12:25,138 | INFO | cleaned C:\Users\ranif\Desktop\Music\!Projects\Singulars\25jan\A#m120 rqwehjbui\Backup removed=8 errors=0
2026-03-05 21:12:25,139 | INFO | cleaned C:\Users\ranif\Desktop\Music\!Projects\Singulars\25jan\A#M98 Pores\Backup removed=0 errors=0
2026-03-05 21:12:25,140 | INFO | cleaned C:\Users\ranif\Desktop\Music\!Projects\Singulars\25jan\Am100 Money Women Cars\Backup removed=0 errors=0
2026-03-05 21:12:25,140 | INFO | cleaned C:\Users\ranif\Desktop\Music\!Projects\Singulars\25jan\BM90 Wrapped\Backup removed=0 errors=0
2026-03-05 21:12:25,141 | INFO | cleaned C:\Users\ranif\Desktop\Music\!Projects\Singulars\25jan\CM115 Face it\Backup removed=0 errors=0
2026-03-05 21:12:25,141 | INFO | cleaned C:\Users\ranif\Desktop\Music\!Projects\Singulars\25jan\Cm98 Procto\Backup removed=0 errors=0
2026-03-05 21:12:25,141 | INFO | cleaned C:\Users\ranif\Desktop\Music\!Projects\Singulars\25jan\D#M92 REAL\Backup removed=0 errors=0
2026-03-05 21:12:25,177 | INFO | cleaned C:\Users\ranif\Desktop\Music\!Projects\Singulars\25jan\Dm124 Sleepless\Backup removed=3 errors=0
2026-03-05 21:12:25,201 | INFO | cleaned C:\Users\ranif\Desktop\Music\!Projects\Singulars\25jan\Em112 Bang bang bang\Backup removed=2 errors=0
2026-03-05 21:12:25,201 | INFO | cleaned C:\Users\ranif\Desktop\Music\!Projects\Singulars\25jan\Em124 I bleed\Backup removed=0 errors=0
2026-03-05 21:12:25,201 | INFO | cleaned C:\Users\ranif\Desktop\Music\!Projects\Singulars\25jan\F#M110 Oh woah\Backup removed=0 errors=0
2026-03-05 21:12:25,201 | INFO | cleaned C:\Users\ranif\Desktop\Music\!Projects\Singulars\25jan\Fm136 Paul\Backup removed=0 errors=0
2026-03-05 21:12:25,202 | INFO | cleaned C:\Users\ranif\Desktop\Music\!Projects\Singulars\25jan\G#m112 Fairy Tale Story\Backup removed=0 errors=0
2026-03-05 21:12:25,250 | INFO | cleaned C:\Users\ranif\Desktop\Music\!Projects\Singulars\25jan\G#m146 Boom\Backup removed=4 errors=0
2026-03-05 21:12:25,263 | INFO | cleaned C:\Users\ranif\Desktop\Music\!Projects\Singulars\25jan\Gm100 woo\Backup removed=1 errors=0
2026-03-05 21:12:25,264 | INFO | cleaned C:\Users\ranif\Desktop\Music\!Projects\Singulars\25jan\Gm120 Out of town\Backup removed=0 errors=0
2026-03-05 21:12:25,264 | INFO | cleaned C:\Users\ranif\Desktop\Music\!Projects\Singulars\25jan\Gm96 you know\Backup removed=0 errors=0
2026-03-05 21:12:25,264 | INFO | cleaned C:\Users\ranif\Desktop\Music\!Projects\Singulars\25jan\Project_1\Backup removed=0 errors=0
2026-03-05 21:12:25,278 | INFO | cleaned C:\Users\ranif\Desktop\Music\!Projects\Singulars\25jan\Project_2\Backup removed=1 errors=0
2026-03-05 21:12:25,302 | INFO | cleaned C:\Users\ranif\Desktop\Music\!Projects\Singulars\25jan\Project_2_b\Backup removed=2 errors=0
2026-03-05 21:12:25,303 | INFO | cleaned C:\Users\ranif\Desktop\Music\!Projects\Singulars\25jan\Project_3\Backup removed=0 errors=0
2026-03-05 21:12:25,318 | INFO | cleaned C:\Users\ranif\Desktop\Music\!Projects\Singulars\25jan\Project_4\Backup removed=1 errors=0
2026-03-05 21:12:25,320 | INFO | cleaned C:\Users\ranif\Desktop\Music\!Projects\Singulars\25jul\124 p\Backup removed=0 errors=0
2026-03-05 21:12:25,320 | INFO | cleaned C:\Users\ranif\Desktop\Music\!Projects\Singulars\25jul\A#m86 awd\Backup removed=0 errors=0
2026-03-05 21:12:25,320 | INFO | cleaned C:\Users\ranif\Desktop\Music\!Projects\Singulars\25jul\Am106 b\Backup removed=0 errors=0
2026-03-05 21:12:25,320 | INFO | cleaned C:\Users\ranif\Desktop\Music\!Projects\Singulars\25jul\D#m124 a\Backup removed=0 errors=0
2026-03-05 21:12:25,320 | INFO | cleaned C:\Users\ranif\Desktop\Music\!Projects\Singulars\25jul\DM98 Sweet Amphetamines\Backup removed=0 errors=0
2026-03-05 21:12:25,320 | INFO | cleaned C:\Users\ranif\Desktop\Music\!Projects\Singulars\25jul\F#m All i see\Backup removed=0 errors=0
2026-03-05 21:12:25,321 | INFO | cleaned C:\Users\ranif\Desktop\Music\!Projects\Singulars\25jul\Fm132 My Way\Backup removed=0 errors=0
2026-03-05 21:12:25,321 | INFO | cleaned C:\Users\ranif\Desktop\Music\!Projects\Singulars\25jul\G#m142 adw\Backup removed=0 errors=0
2026-03-05 21:12:25,321 | INFO | cleaned C:\Users\ranif\Desktop\Music\!Projects\Singulars\25jul\Project_1\Backup removed=0 errors=0
2026-03-05 21:12:25,324 | INFO | cleaned C:\Users\ranif\Desktop\Music\!Projects\Singulars\25jul\Project_2\Backup removed=0 errors=0
2026-03-05 21:12:25,324 | INFO | cleaned C:\Users\ranif\Desktop\Music\!Projects\Singulars\25jul\Project_3\Backup removed=0 errors=0
2026-03-05 21:12:25,324 | INFO | cleaned C:\Users\ranif\Desktop\Music\!Projects\Singulars\25jul\Project_4\Backup removed=0 errors=0
2026-03-05 21:12:25,325 | INFO | cleaned C:\Users\ranif\Desktop\Music\!Projects\Singulars\25jun\136 Wet\Backup removed=0 errors=0
2026-03-05 21:12:25,326 | INFO | cleaned C:\Users\ranif\Desktop\Music\!Projects\Singulars\25jun\C#M116 pam pam pam\Backup removed=0 errors=0
2026-03-05 21:12:25,326 | INFO | cleaned C:\Users\ranif\Desktop\Music\!Projects\Singulars\25jun\chippy sam\Backup removed=0 errors=0
2026-03-05 21:12:25,326 | INFO | cleaned C:\Users\ranif\Desktop\Music\!Projects\Singulars\25jun\D#m116 dajk\Backup removed=0 errors=0
2026-03-05 21:12:25,326 | INFO | cleaned C:\Users\ranif\Desktop\Music\!Projects\Singulars\25jun\Dm116 go\Backup removed=0 errors=0
2026-03-05 21:12:25,327 | INFO | cleaned C:\Users\ranif\Desktop\Music\!Projects\Singulars\25jun\Dm140 dram\Backup removed=0 errors=0
2026-03-05 21:12:25,331 | INFO | cleaned C:\Users\ranif\Desktop\Music\!Projects\Singulars\25jun\Em132 a\Backup removed=0 errors=0
2026-03-05 21:12:25,332 | INFO | cleaned C:\Users\ranif\Desktop\Music\!Projects\Singulars\25jun\EM90 cold\Backup removed=0 errors=0
2026-03-05 21:12:25,334 | INFO | cleaned C:\Users\ranif\Desktop\Music\!Projects\Singulars\25jun\Fm som\Backup removed=0 errors=0
2026-03-05 21:12:25,335 | INFO | cleaned C:\Users\ranif\Desktop\Music\!Projects\Singulars\25jun\Fm140\Backup removed=0 errors=0
2026-03-05 21:12:25,336 | INFO | cleaned C:\Users\ranif\Desktop\Music\!Projects\Singulars\25jun\Gm114 ad\Backup removed=0 errors=0
2026-03-05 21:12:25,408 | INFO | cleaned C:\Users\ranif\Desktop\Music\!Projects\Singulars\25jun\Project_1\Backup removed=1 errors=0
2026-03-05 21:12:25,410 | INFO | cleaned C:\Users\ranif\Desktop\Music\!Projects\Singulars\25jun\Project_2\Backup removed=0 errors=0
2026-03-05 21:12:25,411 | INFO | cleaned C:\Users\ranif\Desktop\Music\!Projects\Singulars\25jun\Project_3\Backup removed=0 errors=0
2026-03-05 21:12:25,412 | INFO | cleaned C:\Users\ranif\Desktop\Music\!Projects\Singulars\25jun\Project_4\Backup removed=0 errors=0
2026-03-05 21:12:25,412 | INFO | cleaned C:\Users\ranif\Desktop\Music\!Projects\Singulars\25mar\100 thank you penis theory\Backup removed=0 errors=0
2026-03-05 21:12:25,555 | INFO | cleaned C:\Users\ranif\Desktop\Music\!Projects\Singulars\25mar\132 Fuck a key\Backup removed=12 errors=0
2026-03-05 21:12:25,557 | INFO | cleaned C:\Users\ranif\Desktop\Music\!Projects\Singulars\25mar\A#m90 Sweet Impositions\Backup removed=0 errors=0
2026-03-05 21:12:25,574 | INFO | cleaned C:\Users\ranif\Desktop\Music\!Projects\Singulars\25mar\A#m96 natural\Backup removed=1 errors=0
2026-03-05 21:12:25,574 | INFO | cleaned C:\Users\ranif\Desktop\Music\!Projects\Singulars\25mar\AM120 ihgadg\Backup removed=0 errors=0
2026-03-05 21:12:25,574 | INFO | cleaned C:\Users\ranif\Desktop\Music\!Projects\Singulars\25mar\Bm100 Breakout\Backup removed=0 errors=0
2026-03-05 21:12:25,574 | INFO | cleaned C:\Users\ranif\Desktop\Music\!Projects\Singulars\25mar\Bm132 Nol\Backup removed=0 errors=0
2026-03-05 21:12:25,574 | INFO | cleaned C:\Users\ranif\Desktop\Music\!Projects\Singulars\25mar\BM140 aghc\Backup removed=0 errors=0
2026-03-05 21:12:25,575 | INFO | cleaned C:\Users\ranif\Desktop\Music\!Projects\Singulars\25mar\C#m132 This not a whip this a spaceship\Backup removed=0 errors=0
2026-03-05 21:12:25,575 | INFO | cleaned C:\Users\ranif\Desktop\Music\!Projects\Singulars\25mar\Dm112 yoink shit\Backup removed=0 errors=0
2026-03-05 21:12:25,575 | INFO | cleaned C:\Users\ranif\Desktop\Music\!Projects\Singulars\25mar\Dm140 Shi\Backup removed=0 errors=0
2026-03-05 21:12:25,638 | INFO | cleaned C:\Users\ranif\Desktop\Music\!Projects\Singulars\25mar\Em92 piano samps\Backup removed=5 errors=0
2026-03-05 21:12:25,648 | INFO | cleaned C:\Users\ranif\Desktop\Music\!Projects\Singulars\25mar\F#m104 Borrow\Backup removed=0 errors=0
2026-03-05 21:12:25,659 | INFO | cleaned C:\Users\ranif\Desktop\Music\!Projects\Singulars\25mar\F#m106 Hardly\Backup removed=0 errors=0
2026-03-05 21:12:25,662 | INFO | cleaned C:\Users\ranif\Desktop\Music\!Projects\Singulars\25mar\F#m92 Will I die today\Backup removed=0 errors=0
2026-03-05 21:12:25,665 | INFO | cleaned C:\Users\ranif\Desktop\Music\!Projects\Singulars\25mar\G#96 or sum\Backup removed=0 errors=0
2026-03-05 21:12:25,666 | INFO | cleaned C:\Users\ranif\Desktop\Music\!Projects\Singulars\25mar\Gm112 slacking\Backup removed=0 errors=0
2026-03-05 21:12:25,666 | INFO | cleaned C:\Users\ranif\Desktop\Music\!Projects\Singulars\25mar\Gm140 adi\Backup removed=0 errors=0
2026-03-05 21:12:25,667 | INFO | cleaned C:\Users\ranif\Desktop\Music\!Projects\Singulars\25mar\Project_1\Backup removed=0 errors=0
2026-03-05 21:12:25,667 | INFO | cleaned C:\Users\ranif\Desktop\Music\!Projects\Singulars\25mar\Project_10\Backup removed=0 errors=0
2026-03-05 21:12:25,687 | INFO | cleaned C:\Users\ranif\Desktop\Music\!Projects\Singulars\25mar\Project_11\Backup removed=1 errors=0
2026-03-05 21:12:25,713 | INFO | cleaned C:\Users\ranif\Desktop\Music\!Projects\Singulars\25mar\Project_12\Backup removed=2 errors=0
2026-03-05 21:12:25,727 | INFO | cleaned C:\Users\ranif\Desktop\Music\!Projects\Singulars\25mar\Project_2\Backup removed=1 errors=0
2026-03-05 21:12:25,728 | INFO | cleaned C:\Users\ranif\Desktop\Music\!Projects\Singulars\25mar\Project_3\Backup removed=0 errors=0
2026-03-05 21:12:25,728 | INFO | cleaned C:\Users\ranif\Desktop\Music\!Projects\Singulars\25mar\Project_4\Backup removed=0 errors=0
2026-03-05 21:12:25,728 | INFO | cleaned C:\Users\ranif\Desktop\Music\!Projects\Singulars\25mar\Project_5\Backup removed=0 errors=0
2026-03-05 21:12:25,728 | INFO | cleaned C:\Users\ranif\Desktop\Music\!Projects\Singulars\25mar\Project_6\Backup removed=0 errors=0
2026-03-05 21:12:25,765 | INFO | cleaned C:\Users\ranif\Desktop\Music\!Projects\Singulars\25mar\Project_7\Backup removed=3 errors=0
2026-03-05 21:12:25,790 | INFO | cleaned C:\Users\ranif\Desktop\Music\!Projects\Singulars\25mar\Project_8\Backup removed=2 errors=0
2026-03-05 21:12:25,839 | INFO | cleaned C:\Users\ranif\Desktop\Music\!Projects\Singulars\25mar\Project_9\Backup removed=4 errors=0
2026-03-05 21:12:25,855 | INFO | cleaned C:\Users\ranif\Desktop\Music\!Projects\Singulars\25may\112 p1\Backup removed=0 errors=0
2026-03-05 21:12:25,858 | INFO | cleaned C:\Users\ranif\Desktop\Music\!Projects\Singulars\25may\CM100 Oven\Backup removed=0 errors=0
2026-03-05 21:12:25,858 | INFO | cleaned C:\Users\ranif\Desktop\Music\!Projects\Singulars\25may\CMPN2631 A3\Backup removed=0 errors=0
2026-03-05 21:12:25,858 | INFO | cleaned C:\Users\ranif\Desktop\Music\!Projects\Singulars\25may\Dm136 Ag\Backup removed=0 errors=0
2026-03-05 21:12:25,858 | INFO | cleaned C:\Users\ranif\Desktop\Music\!Projects\Singulars\25may\F#m102 ad\Backup removed=0 errors=0
2026-03-05 21:12:25,859 | INFO | cleaned C:\Users\ranif\Desktop\Music\!Projects\Singulars\25may\G#m120 Field\Backup removed=0 errors=0
2026-03-05 21:12:25,859 | INFO | cleaned C:\Users\ranif\Desktop\Music\!Projects\Singulars\25may\G#M124 project_3\Backup removed=0 errors=0
2026-03-05 21:12:25,859 | INFO | cleaned C:\Users\ranif\Desktop\Music\!Projects\Singulars\25may\mF#m116 Walking the muddy path\Backup removed=0 errors=0
2026-03-05 21:12:25,860 | INFO | cleaned C:\Users\ranif\Desktop\Music\!Projects\Singulars\25may\Project_1\Backup removed=0 errors=0
2026-03-05 21:12:25,860 | INFO | cleaned C:\Users\ranif\Desktop\Music\!Projects\Singulars\25may\Project_2\Backup removed=0 errors=0
2026-03-05 21:12:26,342 | INFO | cleaned C:\Users\ranif\Desktop\Music\!Projects\Singulars\25nov\Bm96 Hung out\Backup removed=40 errors=0
2026-03-05 21:12:26,801 | INFO | cleaned C:\Users\ranif\Desktop\Music\!Projects\Singulars\25nov\C#M146 fare\Backup removed=39 errors=0
2026-03-05 21:12:27,228 | INFO | cleaned C:\Users\ranif\Desktop\Music\!Projects\Singulars\25nov\CYOA Final\Backup removed=36 errors=0
2026-03-05 21:12:27,794 | INFO | cleaned C:\Users\ranif\Desktop\Music\!Projects\Singulars\25nov\F#M124 Breaking\Backup removed=38 errors=0
2026-03-05 21:12:27,797 | INFO | cleaned C:\Users\ranif\Desktop\Music\!Projects\Singulars\25nov\Project_1\Backup removed=0 errors=0
2026-03-05 21:12:27,981 | INFO | cleaned C:\Users\ranif\Desktop\Music\!Projects\Singulars\25nov\Project_2\Backup removed=15 errors=0
2026-03-05 21:12:28,451 | INFO | cleaned C:\Users\ranif\Desktop\Music\!Projects\Singulars\25nov\Project_3\Backup removed=39 errors=0
2026-03-05 21:12:28,926 | INFO | cleaned C:\Users\ranif\Desktop\Music\!Projects\Singulars\25nov\Project_4\Backup removed=39 errors=0
2026-03-05 21:12:29,410 | INFO | cleaned C:\Users\ranif\Desktop\Music\!Projects\Singulars\25oct\Em104 fuihcsdbhjknl\Backup removed=40 errors=0
2026-03-05 21:12:29,903 | INFO | cleaned C:\Users\ranif\Desktop\Music\!Projects\Singulars\25oct\F#m108 say\Backup removed=40 errors=0
2026-03-05 21:12:30,394 | INFO | cleaned C:\Users\ranif\Desktop\Music\!Projects\Singulars\25oct\Fm90 adwjik\Backup removed=40 errors=0
2026-03-05 21:12:30,880 | INFO | cleaned C:\Users\ranif\Desktop\Music\!Projects\Singulars\25oct\Gm108 adhj\Backup removed=40 errors=0
2026-03-05 21:12:31,354 | INFO | cleaned C:\Users\ranif\Desktop\Music\!Projects\Singulars\25oct\GM130 Project_8\Backup removed=39 errors=0
2026-03-05 21:12:31,379 | INFO | cleaned C:\Users\ranif\Desktop\Music\!Projects\Singulars\25oct\Project_1\Backup removed=2 errors=0
2026-03-05 21:12:31,664 | INFO | cleaned C:\Users\ranif\Desktop\Music\!Projects\Singulars\25oct\Project_2\Backup removed=23 errors=0
2026-03-05 21:12:31,834 | INFO | cleaned C:\Users\ranif\Desktop\Music\!Projects\Singulars\25oct\Project_3\Backup removed=14 errors=0
2026-03-05 21:12:32,244 | INFO | cleaned C:\Users\ranif\Desktop\Music\!Projects\Singulars\25oct\Project_4\Backup removed=34 errors=0
2026-03-05 21:12:32,295 | INFO | cleaned C:\Users\ranif\Desktop\Music\!Projects\Singulars\25oct\Project_5\Backup removed=4 errors=0
2026-03-05 21:12:32,788 | INFO | cleaned C:\Users\ranif\Desktop\Music\!Projects\Singulars\25oct\Project_6\Backup removed=40 errors=0
2026-03-05 21:12:33,276 | INFO | cleaned C:\Users\ranif\Desktop\Music\!Projects\Singulars\25oct\Project_7\Backup removed=40 errors=0
2026-03-05 21:12:33,701 | INFO | cleaned C:\Users\ranif\Desktop\Music\!Projects\Singulars\25oct\Project_8\Backup removed=35 errors=0
2026-03-05 21:12:34,162 | INFO | cleaned C:\Users\ranif\Desktop\Music\!Projects\Singulars\25sep\Bm124 bawd\Backup removed=38 errors=0
2026-03-05 21:12:34,644 | INFO | cleaned C:\Users\ranif\Desktop\Music\!Projects\Singulars\25sep\C#m130 bag\Backup removed=40 errors=0
2026-03-05 21:12:35,136 | INFO | cleaned C:\Users\ranif\Desktop\Music\!Projects\Singulars\25sep\D#m102 Wa\Backup removed=40 errors=0
2026-03-05 21:12:35,305 | INFO | cleaned C:\Users\ranif\Desktop\Music\!Projects\Singulars\25sep\Dm100 blind\Backup removed=14 errors=0
2026-03-05 21:12:35,815 | INFO | cleaned C:\Users\ranif\Desktop\Music\!Projects\Singulars\25sep\Dm114 wooh\Backup removed=40 errors=0
2026-03-05 21:12:36,253 | INFO | cleaned C:\Users\ranif\Desktop\Music\!Projects\Singulars\25sep\F#m116\Backup removed=36 errors=0
2026-03-05 21:12:36,733 | INFO | cleaned C:\Users\ranif\Desktop\Music\!Projects\Singulars\25sep\Project_1\Backup removed=39 errors=0
2026-03-05 21:12:37,130 | INFO | cleaned C:\Users\ranif\Desktop\Music\!Projects\Singulars\25sep\Project_10\Backup removed=33 errors=0
2026-03-05 21:12:37,600 | INFO | cleaned C:\Users\ranif\Desktop\Music\!Projects\Singulars\25sep\Project_11\Backup removed=39 errors=0
2026-03-05 21:12:38,040 | INFO | cleaned C:\Users\ranif\Desktop\Music\!Projects\Singulars\25sep\Project_12\Backup removed=35 errors=0
2026-03-05 21:12:38,522 | INFO | cleaned C:\Users\ranif\Desktop\Music\!Projects\Singulars\25sep\Project_13\Backup removed=40 errors=0
2026-03-05 21:12:38,986 | INFO | cleaned C:\Users\ranif\Desktop\Music\!Projects\Singulars\25sep\Project_14\Backup removed=39 errors=0
2026-03-05 21:12:39,022 | INFO | cleaned C:\Users\ranif\Desktop\Music\!Projects\Singulars\25sep\Project_15\Backup removed=3 errors=0
2026-03-05 21:12:39,503 | INFO | cleaned C:\Users\ranif\Desktop\Music\!Projects\Singulars\25sep\Project_16\Backup removed=40 errors=0
2026-03-05 21:12:39,992 | INFO | cleaned C:\Users\ranif\Desktop\Music\!Projects\Singulars\25sep\Project_17\Backup removed=40 errors=0
2026-03-05 21:12:40,475 | INFO | cleaned C:\Users\ranif\Desktop\Music\!Projects\Singulars\25sep\Project_18\Backup removed=40 errors=0
2026-03-05 21:12:40,475 | INFO | cleaned C:\Users\ranif\Desktop\Music\!Projects\Singulars\25sep\Project_2\Backup removed=0 errors=0
2026-03-05 21:12:40,523 | INFO | cleaned C:\Users\ranif\Desktop\Music\!Projects\Singulars\25sep\Project_3\Backup removed=4 errors=0
2026-03-05 21:12:40,643 | INFO | cleaned C:\Users\ranif\Desktop\Music\!Projects\Singulars\25sep\Project_4\Backup removed=10 errors=0
2026-03-05 21:12:40,869 | INFO | cleaned C:\Users\ranif\Desktop\Music\!Projects\Singulars\25sep\Project_5\Backup removed=18 errors=0
2026-03-05 21:12:40,871 | INFO | cleaned C:\Users\ranif\Desktop\Music\!Projects\Singulars\25sep\Project_6\Backup removed=0 errors=0
2026-03-05 21:12:41,359 | INFO | cleaned C:\Users\ranif\Desktop\Music\!Projects\Singulars\25sep\Project_7\Backup removed=40 errors=0
2026-03-05 21:12:41,843 | INFO | cleaned C:\Users\ranif\Desktop\Music\!Projects\Singulars\25sep\Project_8\Backup removed=40 errors=0
2026-03-05 21:12:42,093 | INFO | cleaned C:\Users\ranif\Desktop\Music\!Projects\Singulars\25sep\Project_9\Backup removed=21 errors=0
2026-03-05 21:12:42,565 | INFO | cleaned C:\Users\ranif\Desktop\Music\!Projects\Singulars\26feb\A#m116 af\Backup removed=39 errors=0
2026-03-05 21:12:43,461 | INFO | cleaned C:\Users\ranif\Desktop\Music\!Projects\Singulars\26feb\G#m160 g\Backup removed=72 errors=0
2026-03-05 21:12:43,766 | INFO | cleaned C:\Users\ranif\Desktop\Music\!Projects\Singulars\26feb\Project_1\Backup removed=23 errors=0
2026-03-05 21:12:44,251 | INFO | cleaned C:\Users\ranif\Desktop\Music\!Projects\Singulars\26feb\Project_2\Backup removed=40 errors=0
2026-03-05 21:12:44,631 | INFO | cleaned C:\Users\ranif\Desktop\Music\!Projects\Singulars\26feb\Project_3\Backup removed=32 errors=0
2026-03-05 21:12:45,116 | INFO | cleaned C:\Users\ranif\Desktop\Music\!Projects\Singulars\26feb\Project_4\Backup removed=40 errors=0
2026-03-05 21:12:45,601 | INFO | cleaned C:\Users\ranif\Desktop\Music\!Projects\Singulars\26jan\Bm126 say is\Backup removed=40 errors=0
2026-03-05 21:12:46,100 | INFO | cleaned C:\Users\ranif\Desktop\Music\!Projects\Singulars\26jan\C#m86 say i say\Backup removed=40 errors=0
2026-03-05 21:12:46,173 | INFO | cleaned C:\Users\ranif\Desktop\Music\!Projects\Singulars\26jan\Fm112\Backup removed=6 errors=0
2026-03-05 21:12:46,648 | INFO | cleaned C:\Users\ranif\Desktop\Music\!Projects\Singulars\26jan\Fm132 adh\Backup removed=39 errors=0
2026-03-05 21:12:47,139 | INFO | cleaned C:\Users\ranif\Desktop\Music\!Projects\Singulars\26jan\G#m126 Past Reflections\Backup removed=40 errors=0
2026-03-05 21:12:47,619 | INFO | cleaned C:\Users\ranif\Desktop\Music\!Projects\Singulars\26jan\Project_1\Backup removed=39 errors=0
2026-03-05 21:12:47,661 | INFO | cleaned C:\Users\ranif\Desktop\Music\!Projects\Singulars\26jan\Project_10\Backup removed=3 errors=0
2026-03-05 21:12:48,174 | INFO | cleaned C:\Users\ranif\Desktop\Music\!Projects\Singulars\26jan\Project_2\Backup removed=40 errors=0
2026-03-05 21:12:48,658 | INFO | cleaned C:\Users\ranif\Desktop\Music\!Projects\Singulars\26jan\Project_3\Backup removed=40 errors=0
2026-03-05 21:12:48,830 | INFO | cleaned C:\Users\ranif\Desktop\Music\!Projects\Singulars\26jan\Project_4\Backup removed=14 errors=0
2026-03-05 21:12:49,313 | INFO | cleaned C:\Users\ranif\Desktop\Music\!Projects\Singulars\26jan\Project_5\Backup removed=40 errors=0
2026-03-05 21:12:49,472 | INFO | cleaned C:\Users\ranif\Desktop\Music\!Projects\Singulars\26jan\Project_6\Backup removed=13 errors=0
2026-03-05 21:12:49,595 | INFO | cleaned C:\Users\ranif\Desktop\Music\!Projects\Singulars\26jan\Project_7\Backup removed=10 errors=0
2026-03-05 21:12:50,091 | INFO | cleaned C:\Users\ranif\Desktop\Music\!Projects\Singulars\26jan\Project_8\Backup removed=40 errors=0
2026-03-05 21:12:51,013 | INFO | cleaned C:\Users\ranif\Desktop\Music\!Projects\Singulars\26mar\Project_1\Backup removed=72 errors=0
2026-03-05 21:12:51,592 | INFO | cleaned C:\Users\ranif\Desktop\Music\!Projects\Singulars\26mar\Project_2\Backup removed=44 errors=0
2026-03-05 21:12:51,606 | INFO | cleaned C:\Users\ranif\Desktop\Music\!Projects\Workshop\Simple Vocal Cs\Backup removed=1 errors=0
