2026-04-14 03:50:07,229 | INFO | log file: C:\Users\ranif\Desktop\Projects\CompSProjects\fl_backup_cleaner\src\logs\fl_backup_cleaner_20260414_035007.log
2026-04-14 03:50:20,506 | INFO | scan start: C:\Users\ranif\Desktop\Music
2026-04-14 03:50:26,446 | INFO | cleaned C:\Users\ranif\Desktop\Music\!Projects\Bodies\CMPN2631\A2\A2 Comp B\Backup removed=0 errors=0
2026-04-14 03:50:26,446 | INFO | cleaned C:\Users\ranif\Desktop\Music\!Projects\Bodies\CMPN2631\A2\Backup removed=0 errors=0
2026-04-14 03:50:26,446 | INFO | cleaned C:\Users\ranif\Desktop\Music\!Projects\Bodies\Lost Files\24-CM80 New Toyota\Backup removed=0 errors=0
2026-04-14 03:50:26,447 | INFO | cleaned C:\Users\ranif\Desktop\Music\!Projects\Bodies\Lost Files\27-Cm110 Burn The Sky\Backup removed=0 errors=0
2026-04-14 03:50:26,447 | INFO | cleaned C:\Users\ranif\Desktop\Music\!Projects\Bodies\Lost Files\31-Dm106 Mileage\Backup removed=0 errors=0
2026-04-14 03:50:26,448 | INFO | cleaned C:\Users\ranif\Desktop\Music\!Projects\Bodies\Lost Files\6-DM108 Puff Puff Pass\Backup removed=0 errors=0
2026-04-14 03:50:26,448 | INFO | cleaned C:\Users\ranif\Desktop\Music\!Projects\Bodies\Lost Files\7-A#M118 Used To\Backup removed=0 errors=0
2026-04-14 03:50:26,449 | INFO | cleaned C:\Users\ranif\Desktop\Music\!Projects\Bodies\Lost Files\9-Fm140 What is fendi\Backup removed=0 errors=0
2026-04-14 03:50:26,449 | INFO | cleaned C:\Users\ranif\Desktop\Music\!Projects\Bodies\Lost Files\CM128 Talking Flaws\Backup removed=0 errors=0
2026-04-14 03:50:26,449 | INFO | cleaned C:\Users\ranif\Desktop\Music\!Projects\Bodies\MUSC3603\Fix the Mix\71 Uncertain Tea\Backup removed=0 errors=0
2026-04-14 03:50:26,449 | INFO | cleaned C:\Users\ranif\Desktop\Music\!Projects\Bodies\MUSC3603\Fix the Mix\82 String Medley\Backup removed=0 errors=0
2026-04-14 03:50:26,449 | INFO | cleaned C:\Users\ranif\Desktop\Music\!Projects\Bodies\MUSC3603\Master practice\Background Jazz Flute\Backup removed=0 errors=0
2026-04-14 03:50:26,449 | INFO | cleaned C:\Users\ranif\Desktop\Music\!Projects\Bodies\MUSC3603\W3YouJustForgotStems\MixPractice\Backup removed=0 errors=0
2026-04-14 03:50:26,451 | INFO | cleaned C:\Users\ranif\Desktop\Music\!Projects\EditEngineer\HungOutEdit\Backup removed=0 errors=0
2026-04-14 03:50:26,451 | INFO | cleaned C:\Users\ranif\Desktop\Music\!Projects\Practices\BURN\Backup removed=0 errors=0
2026-04-14 03:50:26,451 | INFO | cleaned C:\Users\ranif\Desktop\Music\!Projects\Practices\I LIKE - Tory Lanez\Backup removed=0 errors=0
2026-04-14 03:50:26,451 | INFO | cleaned C:\Users\ranif\Desktop\Music\!Projects\Practices\JPEG Either on or off the drugs\Backup removed=0 errors=0
2026-04-14 03:50:26,452 | INFO | cleaned C:\Users\ranif\Desktop\Music\!Projects\Practices\Project_1\Backup removed=0 errors=0
2026-04-14 03:50:26,452 | INFO | cleaned C:\Users\ranif\Desktop\Music\!Projects\Singulars\24dec\Am97 Nile\Backup removed=0 errors=0
2026-04-14 03:50:26,452 | INFO | cleaned C:\Users\ranif\Desktop\Music\!Projects\Singulars\24dec\Cm128\Backup removed=0 errors=0
2026-04-14 03:50:26,452 | INFO | cleaned C:\Users\ranif\Desktop\Music\!Projects\Singulars\24dec\DM124 Sim\Backup removed=0 errors=0
2026-04-14 03:50:26,452 | INFO | cleaned C:\Users\ranif\Desktop\Music\!Projects\Singulars\24dec\Em120 Haunt\Backup removed=0 errors=0
2026-04-14 03:50:26,453 | INFO | cleaned C:\Users\ranif\Desktop\Music\!Projects\Singulars\24dec\F#m120 Mak\Backup removed=0 errors=0
2026-04-14 03:50:26,453 | INFO | cleaned C:\Users\ranif\Desktop\Music\!Projects\Singulars\24dec\Fm120 Storing\Backup removed=0 errors=0
2026-04-14 03:50:26,453 | INFO | cleaned C:\Users\ranif\Desktop\Music\!Projects\Singulars\24dec\Gm120 Wa wa wa\Backup removed=0 errors=0
2026-04-14 03:50:26,454 | INFO | cleaned C:\Users\ranif\Desktop\Music\!Projects\Singulars\24dec\Project_1\Backup removed=0 errors=0
2026-04-14 03:50:26,454 | INFO | cleaned C:\Users\ranif\Desktop\Music\!Projects\Singulars\24dec\Project_2\Backup removed=0 errors=0
2026-04-14 03:50:26,455 | INFO | cleaned C:\Users\ranif\Desktop\Music\!Projects\Singulars\24nov\A#m124 Feathering\Backup removed=0 errors=0
2026-04-14 03:50:26,455 | INFO | cleaned C:\Users\ranif\Desktop\Music\!Projects\Singulars\24nov\A#M132 Life\Backup removed=0 errors=0
2026-04-14 03:50:26,456 | INFO | cleaned C:\Users\ranif\Desktop\Music\!Projects\Singulars\24nov\Am118 Keep Me Warm\Backup removed=0 errors=0
2026-04-14 03:50:26,456 | INFO | cleaned C:\Users\ranif\Desktop\Music\!Projects\Singulars\24nov\Am124 Rush\Backup removed=0 errors=0
2026-04-14 03:50:26,457 | INFO | cleaned C:\Users\ranif\Desktop\Music\!Projects\Singulars\24nov\Am136 Barely Started\Backup removed=0 errors=0
2026-04-14 03:50:26,457 | INFO | cleaned C:\Users\ranif\Desktop\Music\!Projects\Singulars\24nov\Am146 Let up\Backup removed=0 errors=0
2026-04-14 03:50:26,457 | INFO | cleaned C:\Users\ranif\Desktop\Music\!Projects\Singulars\24nov\Bm120 Synetate\Backup removed=0 errors=0
2026-04-14 03:50:26,458 | INFO | cleaned C:\Users\ranif\Desktop\Music\!Projects\Singulars\24nov\Bm82 Two Months Ago\Backup removed=0 errors=0
2026-04-14 03:50:26,458 | INFO | cleaned C:\Users\ranif\Desktop\Music\!Projects\Singulars\24nov\C#m120 People Want Love\Backup removed=0 errors=0
2026-04-14 03:50:26,458 | INFO | cleaned C:\Users\ranif\Desktop\Music\!Projects\Singulars\24nov\C#m120 Rooftops\Backup removed=0 errors=0
2026-04-14 03:50:26,458 | INFO | cleaned C:\Users\ranif\Desktop\Music\!Projects\Singulars\24nov\C#m145 Soft\Backup removed=0 errors=0
2026-04-14 03:50:26,458 | INFO | cleaned C:\Users\ranif\Desktop\Music\!Projects\Singulars\24nov\Cm128 Waiting\Backup removed=0 errors=0
2026-04-14 03:50:26,460 | INFO | cleaned C:\Users\ranif\Desktop\Music\!Projects\Singulars\24nov\CM94 DrumNBass\Backup removed=0 errors=0
2026-04-14 03:50:26,460 | INFO | cleaned C:\Users\ranif\Desktop\Music\!Projects\Singulars\24nov\D#M124 Vin\Backup removed=0 errors=0
2026-04-14 03:50:26,460 | INFO | cleaned C:\Users\ranif\Desktop\Music\!Projects\Singulars\24nov\DM118 Are You Mine\Backup removed=0 errors=0
2026-04-14 03:50:26,461 | INFO | cleaned C:\Users\ranif\Desktop\Music\!Projects\Singulars\24nov\Dm128 Major Searg\Backup removed=0 errors=0
2026-04-14 03:50:26,461 | INFO | cleaned C:\Users\ranif\Desktop\Music\!Projects\Singulars\24nov\Em80 Elastic\Backup removed=0 errors=0
2026-04-14 03:50:26,461 | INFO | cleaned C:\Users\ranif\Desktop\Music\!Projects\Singulars\24nov\F#m100 Lying To Myself\Backup removed=0 errors=0
2026-04-14 03:50:26,461 | INFO | cleaned C:\Users\ranif\Desktop\Music\!Projects\Singulars\24nov\F#m120 Curb\Backup removed=0 errors=0
2026-04-14 03:50:26,462 | INFO | cleaned C:\Users\ranif\Desktop\Music\!Projects\Singulars\24nov\F#m124 EG\Backup removed=0 errors=0
2026-04-14 03:50:26,462 | INFO | cleaned C:\Users\ranif\Desktop\Music\!Projects\Singulars\24nov\Fm120 Bladee\Backup removed=0 errors=0
2026-04-14 03:50:26,462 | INFO | cleaned C:\Users\ranif\Desktop\Music\!Projects\Singulars\24nov\Fm120 Right\Backup removed=0 errors=0
2026-04-14 03:50:26,463 | INFO | cleaned C:\Users\ranif\Desktop\Music\!Projects\Singulars\24nov\Fm124 Pray\Backup removed=0 errors=0
2026-04-14 03:50:26,463 | INFO | cleaned C:\Users\ranif\Desktop\Music\!Projects\Singulars\24nov\Fm142 Harmon\Backup removed=0 errors=0
2026-04-14 03:50:26,463 | INFO | cleaned C:\Users\ranif\Desktop\Music\!Projects\Singulars\24nov\G#m102 Floating\Backup removed=0 errors=0
2026-04-14 03:50:26,464 | INFO | cleaned C:\Users\ranif\Desktop\Music\!Projects\Singulars\24nov\G#m124 Ruse\Backup removed=0 errors=0
2026-04-14 03:50:26,464 | INFO | cleaned C:\Users\ranif\Desktop\Music\!Projects\Singulars\24nov\Gm120 Lowkey\Backup removed=0 errors=0
2026-04-14 03:50:26,464 | INFO | cleaned C:\Users\ranif\Desktop\Music\!Projects\Singulars\24nov\Hollywood Girl\Backup removed=0 errors=0
2026-04-14 03:50:26,464 | INFO | cleaned C:\Users\ranif\Desktop\Music\!Projects\Singulars\24nov\Project_1\Backup removed=0 errors=0
2026-04-14 03:50:26,464 | INFO | cleaned C:\Users\ranif\Desktop\Music\!Projects\Singulars\24nov\Project_2\Backup removed=0 errors=0
2026-04-14 03:50:26,464 | INFO | cleaned C:\Users\ranif\Desktop\Music\!Projects\Singulars\24nov\Project_3\Backup removed=0 errors=0
2026-04-14 03:50:26,465 | INFO | cleaned C:\Users\ranif\Desktop\Music\!Projects\Singulars\24nov\Project_4\Backup removed=0 errors=0
2026-04-14 03:50:26,465 | INFO | cleaned C:\Users\ranif\Desktop\Music\!Projects\Singulars\24nov\Project_5\Backup removed=0 errors=0
2026-04-14 03:50:26,465 | INFO | cleaned C:\Users\ranif\Desktop\Music\!Projects\Singulars\24oct\116m A knee\Backup removed=0 errors=0
2026-04-14 03:50:26,466 | INFO | cleaned C:\Users\ranif\Desktop\Music\!Projects\Singulars\24oct\124 Drummage\Backup removed=0 errors=0
2026-04-14 03:50:26,466 | INFO | cleaned C:\Users\ranif\Desktop\Music\!Projects\Singulars\24oct\A#m120 Bird\Backup removed=0 errors=0
2026-04-14 03:50:26,466 | INFO | cleaned C:\Users\ranif\Desktop\Music\!Projects\Singulars\24oct\A#m136 Hated\Backup removed=0 errors=0
2026-04-14 03:50:26,466 | INFO | cleaned C:\Users\ranif\Desktop\Music\!Projects\Singulars\24oct\A#m82 Ginger\Backup removed=0 errors=0
2026-04-14 03:50:26,466 | INFO | cleaned C:\Users\ranif\Desktop\Music\!Projects\Singulars\24oct\C#m118 Shtorm\Backup removed=0 errors=0
2026-04-14 03:50:26,467 | INFO | cleaned C:\Users\ranif\Desktop\Music\!Projects\Singulars\24oct\C#m88 Wait\Backup removed=0 errors=0
2026-04-14 03:50:26,467 | INFO | cleaned C:\Users\ranif\Desktop\Music\!Projects\Singulars\24oct\D#m124 Cloudy\Backup removed=0 errors=0
2026-04-14 03:50:26,467 | INFO | cleaned C:\Users\ranif\Desktop\Music\!Projects\Singulars\24oct\D#m140 Synthbass\Backup removed=0 errors=0
2026-04-14 03:50:26,467 | INFO | cleaned C:\Users\ranif\Desktop\Music\!Projects\Singulars\24oct\DM132 Eyes\Backup removed=0 errors=0
2026-04-14 03:50:26,467 | INFO | cleaned C:\Users\ranif\Desktop\Music\!Projects\Singulars\24oct\Em142 Detox\Backup removed=0 errors=0
2026-04-14 03:50:26,468 | INFO | cleaned C:\Users\ranif\Desktop\Music\!Projects\Singulars\24oct\G#m102 Slow\Backup removed=0 errors=0
2026-04-14 03:50:26,468 | INFO | cleaned C:\Users\ranif\Desktop\Music\!Projects\Singulars\24oct\G#m148 No quality\Backup removed=0 errors=0
2026-04-14 03:50:26,468 | INFO | cleaned C:\Users\ranif\Desktop\Music\!Projects\Singulars\24oct\G#m148 Paddy cake\Backup removed=0 errors=0
2026-04-14 03:50:26,469 | INFO | cleaned C:\Users\ranif\Desktop\Music\!Projects\Singulars\24oct\Gm132 Constant\Backup removed=0 errors=0
2026-04-14 03:50:26,469 | INFO | cleaned C:\Users\ranif\Desktop\Music\!Projects\Singulars\24oct\Harmony\Backup removed=0 errors=0
2026-04-14 03:50:26,470 | INFO | cleaned C:\Users\ranif\Desktop\Music\!Projects\Singulars\24oct\OPddone\Backup removed=0 errors=0
2026-04-14 03:50:26,470 | INFO | cleaned C:\Users\ranif\Desktop\Music\!Projects\Singulars\24oct\Project_1\Backup removed=0 errors=0
2026-04-14 03:50:26,470 | INFO | cleaned C:\Users\ranif\Desktop\Music\!Projects\Singulars\24oct\Project_2\Backup removed=0 errors=0
2026-04-14 03:50:26,470 | INFO | cleaned C:\Users\ranif\Desktop\Music\!Projects\Singulars\24oct\Project_3\Backup removed=0 errors=0
2026-04-14 03:50:26,470 | INFO | cleaned C:\Users\ranif\Desktop\Music\!Projects\Singulars\25apr\A#m108 hopefully\Backup removed=0 errors=0
2026-04-14 03:50:26,471 | INFO | cleaned C:\Users\ranif\Desktop\Music\!Projects\Singulars\25apr\C#M96 Hum\Backup removed=0 errors=0
2026-04-14 03:50:26,471 | INFO | cleaned C:\Users\ranif\Desktop\Music\!Projects\Singulars\25apr\Cm124 fuuuuuucc\Backup removed=0 errors=0
2026-04-14 03:50:26,471 | INFO | cleaned C:\Users\ranif\Desktop\Music\!Projects\Singulars\25apr\D#M118 Chip\Backup removed=0 errors=0
2026-04-14 03:50:26,472 | INFO | cleaned C:\Users\ranif\Desktop\Music\!Projects\Singulars\25apr\D#m118 laid\Backup removed=0 errors=0
2026-04-14 03:50:26,472 | INFO | cleaned C:\Users\ranif\Desktop\Music\!Projects\Singulars\25apr\Dm140 S\Backup removed=0 errors=0
2026-04-14 03:50:26,472 | INFO | cleaned C:\Users\ranif\Desktop\Music\!Projects\Singulars\25apr\EM124 mcan\Backup removed=0 errors=0
2026-04-14 03:50:26,472 | INFO | cleaned C:\Users\ranif\Desktop\Music\!Projects\Singulars\25apr\Fm116\Backup removed=0 errors=0
2026-04-14 03:50:26,472 | INFO | cleaned C:\Users\ranif\Desktop\Music\!Projects\Singulars\25apr\FM118 Seasons\Backup removed=0 errors=0
2026-04-14 03:50:26,472 | INFO | cleaned C:\Users\ranif\Desktop\Music\!Projects\Singulars\25apr\G#M120 or som\Backup removed=0 errors=0
2026-04-14 03:50:26,472 | INFO | cleaned C:\Users\ranif\Desktop\Music\!Projects\Singulars\25apr\Project_1\Backup removed=0 errors=0
2026-04-14 03:50:26,473 | INFO | cleaned C:\Users\ranif\Desktop\Music\!Projects\Singulars\25apr\Project_2\Backup removed=0 errors=0
2026-04-14 03:50:26,473 | INFO | cleaned C:\Users\ranif\Desktop\Music\!Projects\Singulars\25apr\Project_3\Backup removed=0 errors=0
2026-04-14 03:50:26,473 | INFO | cleaned C:\Users\ranif\Desktop\Music\!Projects\Singulars\25apr\Project_4\Backup removed=0 errors=0
2026-04-14 03:50:26,473 | INFO | cleaned C:\Users\ranif\Desktop\Music\!Projects\Singulars\25apr\Project_5\Backup removed=0 errors=0
2026-04-14 03:50:26,473 | INFO | cleaned C:\Users\ranif\Desktop\Music\!Projects\Singulars\25aug\A#M114 end\Backup removed=0 errors=0
2026-04-14 03:50:26,474 | INFO | cleaned C:\Users\ranif\Desktop\Music\!Projects\Singulars\25aug\Am106\Backup removed=0 errors=0
2026-04-14 03:50:26,474 | INFO | cleaned C:\Users\ranif\Desktop\Music\!Projects\Singulars\25aug\Am116 cold\Backup removed=0 errors=0
2026-04-14 03:50:26,474 | INFO | cleaned C:\Users\ranif\Desktop\Music\!Projects\Singulars\25aug\Bm116 Psychy\Backup removed=0 errors=0
2026-04-14 03:50:26,474 | INFO | cleaned C:\Users\ranif\Desktop\Music\!Projects\Singulars\25aug\Bm88 journey\Backup removed=0 errors=0
2026-04-14 03:50:26,474 | INFO | cleaned C:\Users\ranif\Desktop\Music\!Projects\Singulars\25aug\C#m140 kad\Backup removed=0 errors=0
2026-04-14 03:50:26,475 | INFO | cleaned C:\Users\ranif\Desktop\Music\!Projects\Singulars\25aug\D#m108 smooth\Backup removed=0 errors=0
2026-04-14 03:50:26,475 | INFO | cleaned C:\Users\ranif\Desktop\Music\!Projects\Singulars\25aug\EM140 pay\Backup removed=0 errors=0
2026-04-14 03:50:26,475 | INFO | cleaned C:\Users\ranif\Desktop\Music\!Projects\Singulars\25aug\Fm96 Born again\Backup removed=0 errors=0
2026-04-14 03:50:26,475 | INFO | cleaned C:\Users\ranif\Desktop\Music\!Projects\Singulars\25aug\G#m110 way\Backup removed=0 errors=0
2026-04-14 03:50:26,475 | INFO | cleaned C:\Users\ranif\Desktop\Music\!Projects\Singulars\25aug\GM132 Damn\Backup removed=0 errors=0
2026-04-14 03:50:26,475 | INFO | cleaned C:\Users\ranif\Desktop\Music\!Projects\Singulars\25aug\Project_1\Backup removed=0 errors=0
2026-04-14 03:50:26,475 | INFO | cleaned C:\Users\ranif\Desktop\Music\!Projects\Singulars\25aug\Project_2\Backup removed=0 errors=0
2026-04-14 03:50:26,476 | INFO | cleaned C:\Users\ranif\Desktop\Music\!Projects\Singulars\25aug\Project_3\Backup removed=0 errors=0
2026-04-14 03:50:26,476 | INFO | cleaned C:\Users\ranif\Desktop\Music\!Projects\Singulars\25aug\Project_4\Backup removed=0 errors=0
2026-04-14 03:50:26,476 | INFO | cleaned C:\Users\ranif\Desktop\Music\!Projects\Singulars\25dec\D#m118 feelings\Backup removed=0 errors=0
2026-04-14 03:50:26,476 | INFO | cleaned C:\Users\ranif\Desktop\Music\!Projects\Singulars\25dec\F#m78 Project_4\Backup removed=0 errors=0
2026-04-14 03:50:26,476 | INFO | cleaned C:\Users\ranif\Desktop\Music\!Projects\Singulars\25dec\G#m132 sih\Backup removed=0 errors=0
2026-04-14 03:50:26,476 | INFO | cleaned C:\Users\ranif\Desktop\Music\!Projects\Singulars\25dec\Project_1\Backup removed=0 errors=0
2026-04-14 03:50:26,477 | INFO | cleaned C:\Users\ranif\Desktop\Music\!Projects\Singulars\25dec\Project_2\Backup removed=0 errors=0
2026-04-14 03:50:26,477 | INFO | cleaned C:\Users\ranif\Desktop\Music\!Projects\Singulars\25dec\Project_3\Backup removed=0 errors=0
2026-04-14 03:50:26,477 | INFO | cleaned C:\Users\ranif\Desktop\Music\!Projects\Singulars\25dec\Project_4\Backup removed=0 errors=0
2026-04-14 03:50:26,477 | INFO | cleaned C:\Users\ranif\Desktop\Music\!Projects\Singulars\25feb\132 Hear thee\Backup removed=0 errors=0
2026-04-14 03:50:26,477 | INFO | cleaned C:\Users\ranif\Desktop\Music\!Projects\Singulars\25feb\A#m96 Failsafe\Backup removed=0 errors=0
2026-04-14 03:50:26,478 | INFO | cleaned C:\Users\ranif\Desktop\Music\!Projects\Singulars\25feb\Am102 Sick\Backup removed=0 errors=0
2026-04-14 03:50:26,478 | INFO | cleaned C:\Users\ranif\Desktop\Music\!Projects\Singulars\25feb\C#m120 SamIam\Backup removed=0 errors=0
2026-04-14 03:50:26,478 | INFO | cleaned C:\Users\ranif\Desktop\Music\!Projects\Singulars\25feb\D#m106 Closed Eyes\Backup removed=0 errors=0
2026-04-14 03:50:26,478 | INFO | cleaned C:\Users\ranif\Desktop\Music\!Projects\Singulars\25feb\D#m116 Born\Backup removed=0 errors=0
2026-04-14 03:50:26,478 | INFO | cleaned C:\Users\ranif\Desktop\Music\!Projects\Singulars\25feb\D#m120 Cranked\Backup removed=0 errors=0
2026-04-14 03:50:26,478 | INFO | cleaned C:\Users\ranif\Desktop\Music\!Projects\Singulars\25feb\Em92 Falter\Backup removed=0 errors=0
2026-04-14 03:50:26,478 | INFO | cleaned C:\Users\ranif\Desktop\Music\!Projects\Singulars\25feb\Em92 Falter\C#m98 Falter Vocals\Backup removed=0 errors=0
2026-04-14 03:50:26,480 | INFO | cleaned C:\Users\ranif\Desktop\Music\!Projects\Singulars\25feb\F#m120 ASHjdbij\Backup removed=0 errors=0
2026-04-14 03:50:26,480 | INFO | cleaned C:\Users\ranif\Desktop\Music\!Projects\Singulars\25feb\F#m120 State\Backup removed=0 errors=0
2026-04-14 03:50:26,480 | INFO | cleaned C:\Users\ranif\Desktop\Music\!Projects\Singulars\25feb\F#M134 Say\Backup removed=0 errors=0
2026-04-14 03:50:26,480 | INFO | cleaned C:\Users\ranif\Desktop\Music\!Projects\Singulars\25feb\G#m86 Planer\Backup removed=0 errors=0
2026-04-14 03:50:26,480 | INFO | cleaned C:\Users\ranif\Desktop\Music\!Projects\Singulars\25feb\Gm118 Unfated\Backup removed=0 errors=0
2026-04-14 03:50:26,480 | INFO | cleaned C:\Users\ranif\Desktop\Music\!Projects\Singulars\25feb\Project_1\Backup removed=0 errors=0
2026-04-14 03:50:26,480 | INFO | cleaned C:\Users\ranif\Desktop\Music\!Projects\Singulars\25feb\Project_2\Backup removed=0 errors=0
2026-04-14 03:50:26,481 | INFO | cleaned C:\Users\ranif\Desktop\Music\!Projects\Singulars\25feb\Project_3\Backup removed=0 errors=0
2026-04-14 03:50:26,481 | INFO | cleaned C:\Users\ranif\Desktop\Music\!Projects\Singulars\25jan\94 shoot me now\Backup removed=0 errors=0
2026-04-14 03:50:26,481 | INFO | cleaned C:\Users\ranif\Desktop\Music\!Projects\Singulars\25jan\A#M112 Neptune\Backup removed=0 errors=0
2026-04-14 03:50:26,481 | INFO | cleaned C:\Users\ranif\Desktop\Music\!Projects\Singulars\25jan\A#m120 rqwehjbui\Backup removed=0 errors=0
2026-04-14 03:50:26,481 | INFO | cleaned C:\Users\ranif\Desktop\Music\!Projects\Singulars\25jan\A#M98 Pores\Backup removed=0 errors=0
2026-04-14 03:50:26,481 | INFO | cleaned C:\Users\ranif\Desktop\Music\!Projects\Singulars\25jan\Am100 Money Women Cars\Backup removed=0 errors=0
2026-04-14 03:50:26,481 | INFO | cleaned C:\Users\ranif\Desktop\Music\!Projects\Singulars\25jan\BM90 Wrapped\Backup removed=0 errors=0
2026-04-14 03:50:26,482 | INFO | cleaned C:\Users\ranif\Desktop\Music\!Projects\Singulars\25jan\CM115 Face it\Backup removed=0 errors=0
2026-04-14 03:50:26,482 | INFO | cleaned C:\Users\ranif\Desktop\Music\!Projects\Singulars\25jan\Cm98 Procto\Backup removed=0 errors=0
2026-04-14 03:50:26,482 | INFO | cleaned C:\Users\ranif\Desktop\Music\!Projects\Singulars\25jan\D#M92 REAL\Backup removed=0 errors=0
2026-04-14 03:50:26,482 | INFO | cleaned C:\Users\ranif\Desktop\Music\!Projects\Singulars\25jan\Dm124 Sleepless\Backup removed=0 errors=0
2026-04-14 03:50:26,482 | INFO | cleaned C:\Users\ranif\Desktop\Music\!Projects\Singulars\25jan\Em112 Bang bang bang\Backup removed=0 errors=0
2026-04-14 03:50:26,482 | INFO | cleaned C:\Users\ranif\Desktop\Music\!Projects\Singulars\25jan\Em124 I bleed\Backup removed=0 errors=0
2026-04-14 03:50:26,482 | INFO | cleaned C:\Users\ranif\Desktop\Music\!Projects\Singulars\25jan\F#M110 Oh woah\Backup removed=0 errors=0
2026-04-14 03:50:26,482 | INFO | cleaned C:\Users\ranif\Desktop\Music\!Projects\Singulars\25jan\Fm136 Paul\Backup removed=0 errors=0
2026-04-14 03:50:26,483 | INFO | cleaned C:\Users\ranif\Desktop\Music\!Projects\Singulars\25jan\G#m112 Fairy Tale Story\Backup removed=0 errors=0
2026-04-14 03:50:26,483 | INFO | cleaned C:\Users\ranif\Desktop\Music\!Projects\Singulars\25jan\G#m146 Boom\Backup removed=0 errors=0
2026-04-14 03:50:26,483 | INFO | cleaned C:\Users\ranif\Desktop\Music\!Projects\Singulars\25jan\Gm100 woo\Backup removed=0 errors=0
2026-04-14 03:50:26,483 | INFO | cleaned C:\Users\ranif\Desktop\Music\!Projects\Singulars\25jan\Gm120 Out of town\Backup removed=0 errors=0
2026-04-14 03:50:26,483 | INFO | cleaned C:\Users\ranif\Desktop\Music\!Projects\Singulars\25jan\Gm96 you know\Backup removed=0 errors=0
2026-04-14 03:50:26,483 | INFO | cleaned C:\Users\ranif\Desktop\Music\!Projects\Singulars\25jan\Project_1\Backup removed=0 errors=0
2026-04-14 03:50:26,483 | INFO | cleaned C:\Users\ranif\Desktop\Music\!Projects\Singulars\25jan\Project_2\Backup removed=0 errors=0
2026-04-14 03:50:26,483 | INFO | cleaned C:\Users\ranif\Desktop\Music\!Projects\Singulars\25jan\Project_2_b\Backup removed=0 errors=0
2026-04-14 03:50:26,484 | INFO | cleaned C:\Users\ranif\Desktop\Music\!Projects\Singulars\25jan\Project_3\Backup removed=0 errors=0
2026-04-14 03:50:26,484 | INFO | cleaned C:\Users\ranif\Desktop\Music\!Projects\Singulars\25jan\Project_4\Backup removed=0 errors=0
2026-04-14 03:50:26,484 | INFO | cleaned C:\Users\ranif\Desktop\Music\!Projects\Singulars\25jul\124 p\Backup removed=0 errors=0
2026-04-14 03:50:26,484 | INFO | cleaned C:\Users\ranif\Desktop\Music\!Projects\Singulars\25jul\A#m86 awd\Backup removed=0 errors=0
2026-04-14 03:50:26,484 | INFO | cleaned C:\Users\ranif\Desktop\Music\!Projects\Singulars\25jul\Am106 b\Backup removed=0 errors=0
2026-04-14 03:50:26,484 | INFO | cleaned C:\Users\ranif\Desktop\Music\!Projects\Singulars\25jul\D#m124 a\Backup removed=0 errors=0
2026-04-14 03:50:26,484 | INFO | cleaned C:\Users\ranif\Desktop\Music\!Projects\Singulars\25jul\DM98 Sweet Amphetamines\Backup removed=0 errors=0
2026-04-14 03:50:26,485 | INFO | cleaned C:\Users\ranif\Desktop\Music\!Projects\Singulars\25jul\F#m All i see\Backup removed=0 errors=0
2026-04-14 03:50:26,485 | INFO | cleaned C:\Users\ranif\Desktop\Music\!Projects\Singulars\25jul\Fm132 My Way\Backup removed=0 errors=0
2026-04-14 03:50:26,485 | INFO | cleaned C:\Users\ranif\Desktop\Music\!Projects\Singulars\25jul\G#m142 adw\Backup removed=0 errors=0
2026-04-14 03:50:26,485 | INFO | cleaned C:\Users\ranif\Desktop\Music\!Projects\Singulars\25jul\Project_1\Backup removed=0 errors=0
2026-04-14 03:50:26,485 | INFO | cleaned C:\Users\ranif\Desktop\Music\!Projects\Singulars\25jul\Project_2\Backup removed=0 errors=0
2026-04-14 03:50:26,485 | INFO | cleaned C:\Users\ranif\Desktop\Music\!Projects\Singulars\25jul\Project_3\Backup removed=0 errors=0
2026-04-14 03:50:26,486 | INFO | cleaned C:\Users\ranif\Desktop\Music\!Projects\Singulars\25jul\Project_4\Backup removed=0 errors=0
2026-04-14 03:50:26,486 | INFO | cleaned C:\Users\ranif\Desktop\Music\!Projects\Singulars\25jun\136 Wet\Backup removed=0 errors=0
2026-04-14 03:50:26,486 | INFO | cleaned C:\Users\ranif\Desktop\Music\!Projects\Singulars\25jun\C#M116 pam pam pam\Backup removed=0 errors=0
2026-04-14 03:50:26,486 | INFO | cleaned C:\Users\ranif\Desktop\Music\!Projects\Singulars\25jun\chippy sam\Backup removed=0 errors=0
2026-04-14 03:50:26,486 | INFO | cleaned C:\Users\ranif\Desktop\Music\!Projects\Singulars\25jun\D#m116 dajk\Backup removed=0 errors=0
2026-04-14 03:50:26,487 | INFO | cleaned C:\Users\ranif\Desktop\Music\!Projects\Singulars\25jun\Dm116 go\Backup removed=0 errors=0
2026-04-14 03:50:26,487 | INFO | cleaned C:\Users\ranif\Desktop\Music\!Projects\Singulars\25jun\Dm140 dram\Backup removed=0 errors=0
2026-04-14 03:50:26,487 | INFO | cleaned C:\Users\ranif\Desktop\Music\!Projects\Singulars\25jun\Em132 a\Backup removed=0 errors=0
2026-04-14 03:50:26,487 | INFO | cleaned C:\Users\ranif\Desktop\Music\!Projects\Singulars\25jun\EM90 cold\Backup removed=0 errors=0
2026-04-14 03:50:26,487 | INFO | cleaned C:\Users\ranif\Desktop\Music\!Projects\Singulars\25jun\Fm som\Backup removed=0 errors=0
2026-04-14 03:50:26,487 | INFO | cleaned C:\Users\ranif\Desktop\Music\!Projects\Singulars\25jun\Fm140\Backup removed=0 errors=0
2026-04-14 03:50:26,487 | INFO | cleaned C:\Users\ranif\Desktop\Music\!Projects\Singulars\25jun\Gm114 ad\Backup removed=0 errors=0
2026-04-14 03:50:26,487 | INFO | cleaned C:\Users\ranif\Desktop\Music\!Projects\Singulars\25jun\Project_1\Backup removed=0 errors=0
2026-04-14 03:50:26,488 | INFO | cleaned C:\Users\ranif\Desktop\Music\!Projects\Singulars\25jun\Project_2\Backup removed=0 errors=0
2026-04-14 03:50:26,488 | INFO | cleaned C:\Users\ranif\Desktop\Music\!Projects\Singulars\25jun\Project_3\Backup removed=0 errors=0
2026-04-14 03:50:26,488 | INFO | cleaned C:\Users\ranif\Desktop\Music\!Projects\Singulars\25jun\Project_4\Backup removed=0 errors=0
2026-04-14 03:50:26,488 | INFO | cleaned C:\Users\ranif\Desktop\Music\!Projects\Singulars\25mar\100 thank you penis theory\Backup removed=0 errors=0
2026-04-14 03:50:26,488 | INFO | cleaned C:\Users\ranif\Desktop\Music\!Projects\Singulars\25mar\132 Fuck a key\Backup removed=0 errors=0
2026-04-14 03:50:26,488 | INFO | cleaned C:\Users\ranif\Desktop\Music\!Projects\Singulars\25mar\A#m90 Sweet Impositions\Backup removed=0 errors=0
2026-04-14 03:50:26,488 | INFO | cleaned C:\Users\ranif\Desktop\Music\!Projects\Singulars\25mar\A#m96 natural\Backup removed=0 errors=0
2026-04-14 03:50:26,488 | INFO | cleaned C:\Users\ranif\Desktop\Music\!Projects\Singulars\25mar\AM120 ihgadg\Backup removed=0 errors=0
2026-04-14 03:50:26,488 | INFO | cleaned C:\Users\ranif\Desktop\Music\!Projects\Singulars\25mar\Bm100 Breakout\Backup removed=0 errors=0
2026-04-14 03:50:26,488 | INFO | cleaned C:\Users\ranif\Desktop\Music\!Projects\Singulars\25mar\Bm132 Nol\Backup removed=0 errors=0
2026-04-14 03:50:26,488 | INFO | cleaned C:\Users\ranif\Desktop\Music\!Projects\Singulars\25mar\BM140 aghc\Backup removed=0 errors=0
2026-04-14 03:50:26,489 | INFO | cleaned C:\Users\ranif\Desktop\Music\!Projects\Singulars\25mar\C#m132 This not a whip this a spaceship\Backup removed=0 errors=0
2026-04-14 03:50:26,489 | INFO | cleaned C:\Users\ranif\Desktop\Music\!Projects\Singulars\25mar\Dm112 yoink shit\Backup removed=0 errors=0
2026-04-14 03:50:26,489 | INFO | cleaned C:\Users\ranif\Desktop\Music\!Projects\Singulars\25mar\Dm140 Shi\Backup removed=0 errors=0
2026-04-14 03:50:26,489 | INFO | cleaned C:\Users\ranif\Desktop\Music\!Projects\Singulars\25mar\Em92 piano samps\Backup removed=0 errors=0
2026-04-14 03:50:26,489 | INFO | cleaned C:\Users\ranif\Desktop\Music\!Projects\Singulars\25mar\F#m104 Borrow\Backup removed=0 errors=0
2026-04-14 03:50:26,489 | INFO | cleaned C:\Users\ranif\Desktop\Music\!Projects\Singulars\25mar\F#m106 Hardly\Backup removed=0 errors=0
2026-04-14 03:50:26,489 | INFO | cleaned C:\Users\ranif\Desktop\Music\!Projects\Singulars\25mar\F#m92 Will I die today\Backup removed=0 errors=0
2026-04-14 03:50:26,489 | INFO | cleaned C:\Users\ranif\Desktop\Music\!Projects\Singulars\25mar\G#96 or sum\Backup removed=0 errors=0
2026-04-14 03:50:26,490 | INFO | cleaned C:\Users\ranif\Desktop\Music\!Projects\Singulars\25mar\Gm112 slacking\Backup removed=0 errors=0
2026-04-14 03:50:26,490 | INFO | cleaned C:\Users\ranif\Desktop\Music\!Projects\Singulars\25mar\Gm140 adi\Backup removed=0 errors=0
2026-04-14 03:50:26,490 | INFO | cleaned C:\Users\ranif\Desktop\Music\!Projects\Singulars\25mar\Project_1\Backup removed=0 errors=0
2026-04-14 03:50:26,490 | INFO | cleaned C:\Users\ranif\Desktop\Music\!Projects\Singulars\25mar\Project_10\Backup removed=0 errors=0
2026-04-14 03:50:26,490 | INFO | cleaned C:\Users\ranif\Desktop\Music\!Projects\Singulars\25mar\Project_11\Backup removed=0 errors=0
2026-04-14 03:50:26,490 | INFO | cleaned C:\Users\ranif\Desktop\Music\!Projects\Singulars\25mar\Project_12\Backup removed=0 errors=0
2026-04-14 03:50:26,490 | INFO | cleaned C:\Users\ranif\Desktop\Music\!Projects\Singulars\25mar\Project_2\Backup removed=0 errors=0
2026-04-14 03:50:26,490 | INFO | cleaned C:\Users\ranif\Desktop\Music\!Projects\Singulars\25mar\Project_3\Backup removed=0 errors=0
2026-04-14 03:50:26,491 | INFO | cleaned C:\Users\ranif\Desktop\Music\!Projects\Singulars\25mar\Project_4\Backup removed=0 errors=0
2026-04-14 03:50:26,491 | INFO | cleaned C:\Users\ranif\Desktop\Music\!Projects\Singulars\25mar\Project_5\Backup removed=0 errors=0
2026-04-14 03:50:26,491 | INFO | cleaned C:\Users\ranif\Desktop\Music\!Projects\Singulars\25mar\Project_6\Backup removed=0 errors=0
2026-04-14 03:50:26,491 | INFO | cleaned C:\Users\ranif\Desktop\Music\!Projects\Singulars\25mar\Project_7\Backup removed=0 errors=0
2026-04-14 03:50:26,491 | INFO | cleaned C:\Users\ranif\Desktop\Music\!Projects\Singulars\25mar\Project_8\Backup removed=0 errors=0
2026-04-14 03:50:26,491 | INFO | cleaned C:\Users\ranif\Desktop\Music\!Projects\Singulars\25mar\Project_9\Backup removed=0 errors=0
2026-04-14 03:50:26,491 | INFO | cleaned C:\Users\ranif\Desktop\Music\!Projects\Singulars\25may\112 p1\Backup removed=0 errors=0
2026-04-14 03:50:26,492 | INFO | cleaned C:\Users\ranif\Desktop\Music\!Projects\Singulars\25may\CM100 Oven\Backup removed=0 errors=0
2026-04-14 03:50:26,492 | INFO | cleaned C:\Users\ranif\Desktop\Music\!Projects\Singulars\25may\CMPN2631 A3\Backup removed=0 errors=0
2026-04-14 03:50:26,492 | INFO | cleaned C:\Users\ranif\Desktop\Music\!Projects\Singulars\25may\Dm136 Ag\Backup removed=0 errors=0
2026-04-14 03:50:26,492 | INFO | cleaned C:\Users\ranif\Desktop\Music\!Projects\Singulars\25may\F#m102 ad\Backup removed=0 errors=0
2026-04-14 03:50:26,492 | INFO | cleaned C:\Users\ranif\Desktop\Music\!Projects\Singulars\25may\G#m120 Field\Backup removed=0 errors=0
2026-04-14 03:50:26,492 | INFO | cleaned C:\Users\ranif\Desktop\Music\!Projects\Singulars\25may\G#M124 project_3\Backup removed=0 errors=0
2026-04-14 03:50:26,492 | INFO | cleaned C:\Users\ranif\Desktop\Music\!Projects\Singulars\25may\mF#m116 Walking the muddy path\Backup removed=0 errors=0
2026-04-14 03:50:26,493 | INFO | cleaned C:\Users\ranif\Desktop\Music\!Projects\Singulars\25may\Project_1\Backup removed=0 errors=0
2026-04-14 03:50:26,493 | INFO | cleaned C:\Users\ranif\Desktop\Music\!Projects\Singulars\25may\Project_2\Backup removed=0 errors=0
2026-04-14 03:50:26,493 | INFO | cleaned C:\Users\ranif\Desktop\Music\!Projects\Singulars\25nov\Bm96 Hung out\Backup removed=0 errors=0
2026-04-14 03:50:26,493 | INFO | cleaned C:\Users\ranif\Desktop\Music\!Projects\Singulars\25nov\C#M146 fare\Backup removed=0 errors=0
2026-04-14 03:50:26,494 | INFO | cleaned C:\Users\ranif\Desktop\Music\!Projects\Singulars\25nov\CYOA Final\Backup removed=0 errors=0
2026-04-14 03:50:26,494 | INFO | cleaned C:\Users\ranif\Desktop\Music\!Projects\Singulars\25nov\F#M124 Breaking\Backup removed=0 errors=0
2026-04-14 03:50:26,494 | INFO | cleaned C:\Users\ranif\Desktop\Music\!Projects\Singulars\25nov\Project_1\Backup removed=0 errors=0
2026-04-14 03:50:26,494 | INFO | cleaned C:\Users\ranif\Desktop\Music\!Projects\Singulars\25nov\Project_2\Backup removed=0 errors=0
2026-04-14 03:50:26,494 | INFO | cleaned C:\Users\ranif\Desktop\Music\!Projects\Singulars\25nov\Project_3\Backup removed=0 errors=0
2026-04-14 03:50:26,495 | INFO | cleaned C:\Users\ranif\Desktop\Music\!Projects\Singulars\25nov\Project_4\Backup removed=0 errors=0
2026-04-14 03:50:26,495 | INFO | cleaned C:\Users\ranif\Desktop\Music\!Projects\Singulars\25oct\Em104 fuihcsdbhjknl\Backup removed=0 errors=0
2026-04-14 03:50:26,495 | INFO | cleaned C:\Users\ranif\Desktop\Music\!Projects\Singulars\25oct\F#m108 say\Backup removed=0 errors=0
2026-04-14 03:50:26,495 | INFO | cleaned C:\Users\ranif\Desktop\Music\!Projects\Singulars\25oct\Fm90 adwjik\Backup removed=0 errors=0
2026-04-14 03:50:26,495 | INFO | cleaned C:\Users\ranif\Desktop\Music\!Projects\Singulars\25oct\Gm108 adhj\Backup removed=0 errors=0
2026-04-14 03:50:26,495 | INFO | cleaned C:\Users\ranif\Desktop\Music\!Projects\Singulars\25oct\GM130 Project_8\Backup removed=0 errors=0
2026-04-14 03:50:26,495 | INFO | cleaned C:\Users\ranif\Desktop\Music\!Projects\Singulars\25oct\Project_1\Backup removed=0 errors=0
2026-04-14 03:50:26,496 | INFO | cleaned C:\Users\ranif\Desktop\Music\!Projects\Singulars\25oct\Project_2\Backup removed=0 errors=0
2026-04-14 03:50:26,496 | INFO | cleaned C:\Users\ranif\Desktop\Music\!Projects\Singulars\25oct\Project_3\Backup removed=0 errors=0
2026-04-14 03:50:26,496 | INFO | cleaned C:\Users\ranif\Desktop\Music\!Projects\Singulars\25oct\Project_4\Backup removed=0 errors=0
2026-04-14 03:50:26,496 | INFO | cleaned C:\Users\ranif\Desktop\Music\!Projects\Singulars\25oct\Project_5\Backup removed=0 errors=0
2026-04-14 03:50:26,496 | INFO | cleaned C:\Users\ranif\Desktop\Music\!Projects\Singulars\25oct\Project_6\Backup removed=0 errors=0
2026-04-14 03:50:26,496 | INFO | cleaned C:\Users\ranif\Desktop\Music\!Projects\Singulars\25oct\Project_7\Backup removed=0 errors=0
2026-04-14 03:50:26,497 | INFO | cleaned C:\Users\ranif\Desktop\Music\!Projects\Singulars\25oct\Project_8\Backup removed=0 errors=0
2026-04-14 03:50:26,497 | INFO | cleaned C:\Users\ranif\Desktop\Music\!Projects\Singulars\25sep\Bm124 bawd\Backup removed=0 errors=0
2026-04-14 03:50:26,497 | INFO | cleaned C:\Users\ranif\Desktop\Music\!Projects\Singulars\25sep\C#m130 bag\Backup removed=0 errors=0
2026-04-14 03:50:26,497 | INFO | cleaned C:\Users\ranif\Desktop\Music\!Projects\Singulars\25sep\D#m102 Wa\Backup removed=0 errors=0
2026-04-14 03:50:26,498 | INFO | cleaned C:\Users\ranif\Desktop\Music\!Projects\Singulars\25sep\Dm100 blind\Backup removed=0 errors=0
2026-04-14 03:50:26,498 | INFO | cleaned C:\Users\ranif\Desktop\Music\!Projects\Singulars\25sep\Dm114 wooh\Backup removed=0 errors=0
2026-04-14 03:50:26,498 | INFO | cleaned C:\Users\ranif\Desktop\Music\!Projects\Singulars\25sep\F#m116\Backup removed=0 errors=0
2026-04-14 03:50:26,498 | INFO | cleaned C:\Users\ranif\Desktop\Music\!Projects\Singulars\25sep\Project_1\Backup removed=0 errors=0
2026-04-14 03:50:26,499 | INFO | cleaned C:\Users\ranif\Desktop\Music\!Projects\Singulars\25sep\Project_10\Backup removed=0 errors=0
2026-04-14 03:50:26,499 | INFO | cleaned C:\Users\ranif\Desktop\Music\!Projects\Singulars\25sep\Project_11\Backup removed=0 errors=0
2026-04-14 03:50:26,499 | INFO | cleaned C:\Users\ranif\Desktop\Music\!Projects\Singulars\25sep\Project_12\Backup removed=0 errors=0
2026-04-14 03:50:26,499 | INFO | cleaned C:\Users\ranif\Desktop\Music\!Projects\Singulars\25sep\Project_13\Backup removed=0 errors=0
2026-04-14 03:50:26,499 | INFO | cleaned C:\Users\ranif\Desktop\Music\!Projects\Singulars\25sep\Project_14\Backup removed=0 errors=0
2026-04-14 03:50:26,499 | INFO | cleaned C:\Users\ranif\Desktop\Music\!Projects\Singulars\25sep\Project_15\Backup removed=0 errors=0
2026-04-14 03:50:26,500 | INFO | cleaned C:\Users\ranif\Desktop\Music\!Projects\Singulars\25sep\Project_16\Backup removed=0 errors=0
2026-04-14 03:50:26,500 | INFO | cleaned C:\Users\ranif\Desktop\Music\!Projects\Singulars\25sep\Project_17\Backup removed=0 errors=0
2026-04-14 03:50:26,500 | INFO | cleaned C:\Users\ranif\Desktop\Music\!Projects\Singulars\25sep\Project_18\Backup removed=0 errors=0
2026-04-14 03:50:26,500 | INFO | cleaned C:\Users\ranif\Desktop\Music\!Projects\Singulars\25sep\Project_2\Backup removed=0 errors=0
2026-04-14 03:50:26,500 | INFO | cleaned C:\Users\ranif\Desktop\Music\!Projects\Singulars\25sep\Project_3\Backup removed=0 errors=0
2026-04-14 03:50:26,500 | INFO | cleaned C:\Users\ranif\Desktop\Music\!Projects\Singulars\25sep\Project_4\Backup removed=0 errors=0
2026-04-14 03:50:26,500 | INFO | cleaned C:\Users\ranif\Desktop\Music\!Projects\Singulars\25sep\Project_5\Backup removed=0 errors=0
2026-04-14 03:50:26,500 | INFO | cleaned C:\Users\ranif\Desktop\Music\!Projects\Singulars\25sep\Project_6\Backup removed=0 errors=0
2026-04-14 03:50:26,500 | INFO | cleaned C:\Users\ranif\Desktop\Music\!Projects\Singulars\25sep\Project_7\Backup removed=0 errors=0
2026-04-14 03:50:26,501 | INFO | cleaned C:\Users\ranif\Desktop\Music\!Projects\Singulars\25sep\Project_8\Backup removed=0 errors=0
2026-04-14 03:50:26,501 | INFO | cleaned C:\Users\ranif\Desktop\Music\!Projects\Singulars\25sep\Project_9\Backup removed=0 errors=0
2026-04-14 03:50:26,501 | INFO | cleaned C:\Users\ranif\Desktop\Music\!Projects\Singulars\26feb\A#m116 af\Backup removed=0 errors=0
2026-04-14 03:50:26,501 | INFO | cleaned C:\Users\ranif\Desktop\Music\!Projects\Singulars\26feb\G#m160 g\Backup removed=0 errors=0
2026-04-14 03:50:26,501 | INFO | cleaned C:\Users\ranif\Desktop\Music\!Projects\Singulars\26feb\Project_1\Backup removed=0 errors=0
2026-04-14 03:50:26,502 | INFO | cleaned C:\Users\ranif\Desktop\Music\!Projects\Singulars\26feb\Project_2\Backup removed=0 errors=0
2026-04-14 03:50:26,502 | INFO | cleaned C:\Users\ranif\Desktop\Music\!Projects\Singulars\26feb\Project_3\Backup removed=0 errors=0
2026-04-14 03:50:26,502 | INFO | cleaned C:\Users\ranif\Desktop\Music\!Projects\Singulars\26feb\Project_4\Backup removed=0 errors=0
2026-04-14 03:50:26,502 | INFO | cleaned C:\Users\ranif\Desktop\Music\!Projects\Singulars\26jan\Bm126 say is\Backup removed=0 errors=0
2026-04-14 03:50:26,502 | INFO | cleaned C:\Users\ranif\Desktop\Music\!Projects\Singulars\26jan\C#m86 say i say\Backup removed=0 errors=0
2026-04-14 03:50:26,503 | INFO | cleaned C:\Users\ranif\Desktop\Music\!Projects\Singulars\26jan\Fm112\Backup removed=0 errors=0
2026-04-14 03:50:26,503 | INFO | cleaned C:\Users\ranif\Desktop\Music\!Projects\Singulars\26jan\Fm132 adh\Backup removed=0 errors=0
2026-04-14 03:50:26,503 | INFO | cleaned C:\Users\ranif\Desktop\Music\!Projects\Singulars\26jan\G#m126 Past Reflections\Backup removed=0 errors=0
2026-04-14 03:50:26,503 | INFO | cleaned C:\Users\ranif\Desktop\Music\!Projects\Singulars\26jan\Project_1\Backup removed=0 errors=0
2026-04-14 03:50:26,503 | INFO | cleaned C:\Users\ranif\Desktop\Music\!Projects\Singulars\26jan\Project_10\Backup removed=0 errors=0
2026-04-14 03:50:26,503 | INFO | cleaned C:\Users\ranif\Desktop\Music\!Projects\Singulars\26jan\Project_2\Backup removed=0 errors=0
2026-04-14 03:50:26,504 | INFO | cleaned C:\Users\ranif\Desktop\Music\!Projects\Singulars\26jan\Project_3\Backup removed=0 errors=0
2026-04-14 03:50:26,504 | INFO | cleaned C:\Users\ranif\Desktop\Music\!Projects\Singulars\26jan\Project_4\Backup removed=0 errors=0
2026-04-14 03:50:26,504 | INFO | cleaned C:\Users\ranif\Desktop\Music\!Projects\Singulars\26jan\Project_5\Backup removed=0 errors=0
2026-04-14 03:50:26,504 | INFO | cleaned C:\Users\ranif\Desktop\Music\!Projects\Singulars\26jan\Project_6\Backup removed=0 errors=0
2026-04-14 03:50:26,504 | INFO | cleaned C:\Users\ranif\Desktop\Music\!Projects\Singulars\26jan\Project_7\Backup removed=0 errors=0
2026-04-14 03:50:26,504 | INFO | cleaned C:\Users\ranif\Desktop\Music\!Projects\Singulars\26jan\Project_8\Backup removed=0 errors=0
2026-04-14 03:50:27,540 | INFO | cleaned C:\Users\ranif\Desktop\Music\!Projects\Singulars\26mar\A#m126 dusty\Backup removed=72 errors=0
2026-04-14 03:50:28,498 | INFO | cleaned C:\Users\ranif\Desktop\Music\!Projects\Singulars\26mar\A#m132 af\Backup removed=71 errors=0
2026-04-14 03:50:29,461 | INFO | cleaned C:\Users\ranif\Desktop\Music\!Projects\Singulars\26mar\AM96 gsam\Backup removed=70 errors=0
2026-04-14 03:50:30,010 | INFO | cleaned C:\Users\ranif\Desktop\Music\!Projects\Singulars\26mar\BM150 faint\Backup removed=44 errors=0
2026-04-14 03:50:30,990 | INFO | cleaned C:\Users\ranif\Desktop\Music\!Projects\Singulars\26mar\C#m124 angels\Backup removed=70 errors=0
2026-04-14 03:50:31,991 | INFO | cleaned C:\Users\ranif\Desktop\Music\!Projects\Singulars\26mar\Cm108 ss\Backup removed=72 errors=0
2026-04-14 03:50:32,895 | INFO | cleaned C:\Users\ranif\Desktop\Music\!Projects\Singulars\26mar\Cm110 ahas\Backup removed=72 errors=0
2026-04-14 03:50:33,577 | INFO | cleaned C:\Users\ranif\Desktop\Music\!Projects\Singulars\26mar\D#m115 waves\Backup removed=49 errors=0
2026-04-14 03:50:34,483 | INFO | cleaned C:\Users\ranif\Desktop\Music\!Projects\Singulars\26mar\D#m124 glitchy piano\Backup removed=72 errors=0
2026-04-14 03:50:35,452 | INFO | cleaned C:\Users\ranif\Desktop\Music\!Projects\Singulars\26mar\D#m140\Backup removed=70 errors=0
2026-04-14 03:50:36,400 | INFO | cleaned C:\Users\ranif\Desktop\Music\!Projects\Singulars\26mar\Dm120 smooth\Backup removed=72 errors=0
2026-04-14 03:50:36,414 | INFO | cleaned C:\Users\ranif\Desktop\Music\!Projects\Singulars\26mar\Dm130 ad\Backup removed=1 errors=0
2026-04-14 03:50:37,333 | INFO | cleaned C:\Users\ranif\Desktop\Music\!Projects\Singulars\26mar\GM148 way\Backup removed=71 errors=0
2026-04-14 03:50:37,333 | INFO | cleaned C:\Users\ranif\Desktop\Music\!Projects\Singulars\26mar\Project_1\Backup removed=0 errors=0
2026-04-14 03:50:37,793 | INFO | cleaned C:\Users\ranif\Desktop\Music\!Projects\Singulars\26mar\Project_10\Backup removed=30 errors=0
2026-04-14 03:50:37,870 | INFO | cleaned C:\Users\ranif\Desktop\Music\!Projects\Singulars\26mar\Project_11\Backup removed=6 errors=0
2026-04-14 03:50:38,791 | INFO | cleaned C:\Users\ranif\Desktop\Music\!Projects\Singulars\26mar\Project_12\Backup removed=72 errors=0
2026-04-14 03:50:39,698 | INFO | cleaned C:\Users\ranif\Desktop\Music\!Projects\Singulars\26mar\Project_13\Backup removed=72 errors=0
2026-04-14 03:50:40,602 | INFO | cleaned C:\Users\ranif\Desktop\Music\!Projects\Singulars\26mar\Project_14\Backup removed=65 errors=0
2026-04-14 03:50:40,641 | INFO | cleaned C:\Users\ranif\Desktop\Music\!Projects\Singulars\26mar\Project_15\Backup removed=3 errors=0
2026-04-14 03:50:41,533 | INFO | cleaned C:\Users\ranif\Desktop\Music\!Projects\Singulars\26mar\Project_16\Backup removed=71 errors=0
2026-04-14 03:50:42,345 | INFO | cleaned C:\Users\ranif\Desktop\Music\!Projects\Singulars\26mar\Project_17\Backup removed=53 errors=0
2026-04-14 03:50:42,345 | INFO | cleaned C:\Users\ranif\Desktop\Music\!Projects\Singulars\26mar\Project_2\Backup removed=0 errors=0
2026-04-14 03:50:43,287 | INFO | cleaned C:\Users\ranif\Desktop\Music\!Projects\Singulars\26mar\Project_3\Backup removed=72 errors=0
2026-04-14 03:50:43,997 | INFO | cleaned C:\Users\ranif\Desktop\Music\!Projects\Singulars\26mar\Project_4\Backup removed=57 errors=0
2026-04-14 03:50:44,757 | INFO | cleaned C:\Users\ranif\Desktop\Music\!Projects\Singulars\26mar\Project_5\Backup removed=52 errors=0
2026-04-14 03:50:45,341 | INFO | cleaned C:\Users\ranif\Desktop\Music\!Projects\Singulars\26mar\Project_6\Backup removed=47 errors=0
2026-04-14 03:50:46,267 | INFO | cleaned C:\Users\ranif\Desktop\Music\!Projects\Singulars\26mar\Project_7\Backup removed=72 errors=0
2026-04-14 03:50:47,290 | INFO | cleaned C:\Users\ranif\Desktop\Music\!Projects\Singulars\26mar\Project_8\Backup removed=72 errors=0
2026-04-14 03:50:47,805 | INFO | cleaned C:\Users\ranif\Desktop\Music\!Projects\Singulars\26mar\Project_9\Backup removed=41 errors=0
2026-04-14 03:50:48,353 | INFO | cleaned C:\Users\ranif\Desktop\Music\!Projects\Singulars\26mar\Sourcing The Sound Museum\Backup removed=44 errors=0
2026-04-14 03:50:48,353 | INFO | cleaned C:\Users\ranif\Desktop\Music\!Projects\Workshop\Simple Vocal Cs\Backup removed=0 errors=0
2026-04-14 03:50:48,354 | INFO | cleaned C:\Users\ranif\Desktop\Music\!Projects\Workshop\Sounds\TLV Mis\Backup removed=0 errors=0
2026-04-14 03:50:48,354 | INFO | cleaned C:\Users\ranif\Desktop\Music\Ableton\Projects\Bm124 As Acoustic As It Gets Project\Backup removed=0 errors=0
2026-04-14 03:50:48,354 | INFO | cleaned C:\Users\ranif\Desktop\Music\Ableton\Projects\Cm104 Energetic Project\Backup removed=0 errors=0
2026-04-14 03:50:48,354 | INFO | cleaned C:\Users\ranif\Desktop\Music\Ableton\Projects\Fm96 Night Crystal Project\Backup removed=0 errors=0
