2025-08-29 21:55:29,189 | INFO | log file: C:\Users\ranif\Desktop\Projects\CompSProjects\fl_backup_cleaner\src\logs\fl_backup_cleaner_20250829_215529.log
2025-08-29 22:29:07,738 | INFO | scan start: C:\Users\ranif\Desktop\Music\!Projects\Singulars\25may
2025-08-29 22:30:10,240 | INFO | cleaned C:\Users\ranif\Desktop\Music\!Projects\Singulars\25may\112 p1\Backup removed=0 errors=0
2025-08-29 22:30:10,741 | INFO | cleaned C:\Users\ranif\Desktop\Music\!Projects\Singulars\25may\CM100 Oven\Backup removed=14 errors=0
2025-08-29 22:30:10,998 | INFO | cleaned C:\Users\ranif\Desktop\Music\!Projects\Singulars\25may\CMPN2631 A3\Backup removed=10 errors=0
2025-08-29 22:30:12,382 | INFO | cleaned C:\Users\ranif\Desktop\Music\!Projects\Singulars\25may\Dm136 Ag\Backup removed=57 errors=0
2025-08-29 22:30:12,407 | INFO | cleaned C:\Users\ranif\Desktop\Music\!Projects\Singulars\25may\F#m102 ad\Backup removed=1 errors=0
2025-08-29 22:30:13,004 | INFO | cleaned C:\Users\ranif\Desktop\Music\!Projects\Singulars\25may\G#m120 Field\Backup removed=22 errors=0
2025-08-29 22:30:13,922 | INFO | cleaned C:\Users\ranif\Desktop\Music\!Projects\Singulars\25may\G#M124 project_3\Backup removed=37 errors=0
2025-08-29 22:30:15,093 | INFO | cleaned C:\Users\ranif\Desktop\Music\!Projects\Singulars\25may\mF#m116 Walking the muddy path\Backup removed=39 errors=0
2025-08-29 22:30:15,274 | INFO | cleaned C:\Users\ranif\Desktop\Music\!Projects\Singulars\25may\Project_1\Backup removed=7 errors=0
2025-08-29 22:30:16,353 | INFO | cleaned C:\Users\ranif\Desktop\Music\!Projects\Singulars\25may\Project_2\Backup removed=38 errors=0
2025-08-29 22:30:19,484 | INFO | scan start: C:\Users\ranif\Desktop\Music\!Projects\Singulars\25may
2025-08-29 22:32:07,256 | INFO | scan start: C:\Users\ranif\Desktop\Music\!Projects\Singulars\25may
2025-08-29 22:32:09,649 | INFO | cleaned C:\Users\ranif\Desktop\Music\!Projects\Singulars\25may\112 p1\Backup removed=0 errors=0
2025-08-29 22:32:09,649 | INFO | cleaned C:\Users\ranif\Desktop\Music\!Projects\Singulars\25may\CM100 Oven\Backup removed=0 errors=0
2025-08-29 22:32:09,649 | INFO | cleaned C:\Users\ranif\Desktop\Music\!Projects\Singulars\25may\CMPN2631 A3\Backup removed=0 errors=0
2025-08-29 22:32:09,650 | INFO | cleaned C:\Users\ranif\Desktop\Music\!Projects\Singulars\25may\Dm136 Ag\Backup removed=0 errors=0
2025-08-29 22:32:09,650 | INFO | cleaned C:\Users\ranif\Desktop\Music\!Projects\Singulars\25may\F#m102 ad\Backup removed=0 errors=0
2025-08-29 22:32:09,650 | INFO | cleaned C:\Users\ranif\Desktop\Music\!Projects\Singulars\25may\G#m120 Field\Backup removed=0 errors=0
2025-08-29 22:32:09,650 | INFO | cleaned C:\Users\ranif\Desktop\Music\!Projects\Singulars\25may\G#M124 project_3\Backup removed=0 errors=0
2025-08-29 22:32:09,650 | INFO | cleaned C:\Users\ranif\Desktop\Music\!Projects\Singulars\25may\mF#m116 Walking the muddy path\Backup removed=0 errors=0
2025-08-29 22:32:09,651 | INFO | cleaned C:\Users\ranif\Desktop\Music\!Projects\Singulars\25may\Project_1\Backup removed=0 errors=0
2025-08-29 22:32:09,651 | INFO | cleaned C:\Users\ranif\Desktop\Music\!Projects\Singulars\25may\Project_2\Backup removed=0 errors=0
2025-08-29 22:43:03,084 | INFO | scan start: C:\Users\ranif\Desktop\Music\!Projects\Singulars\25apr
2025-08-29 22:43:08,185 | INFO | cleaned C:\Users\ranif\Desktop\Music\!Projects\Singulars\25apr\A#m108 hopefully\Backup removed=2 errors=0
2025-08-29 22:43:08,185 | INFO | cleaned C:\Users\ranif\Desktop\Music\!Projects\Singulars\25apr\C#M96 Hum\Backup removed=0 errors=0
2025-08-29 22:43:08,222 | INFO | cleaned C:\Users\ranif\Desktop\Music\!Projects\Singulars\25apr\Cm124 fuuuuuucc\Backup removed=2 errors=0
2025-08-29 22:43:08,222 | INFO | cleaned C:\Users\ranif\Desktop\Music\!Projects\Singulars\25apr\D#M118 Chip\Backup removed=0 errors=0
2025-08-29 22:43:08,223 | INFO | cleaned C:\Users\ranif\Desktop\Music\!Projects\Singulars\25apr\D#m118 laid\Backup removed=0 errors=0
2025-08-29 22:43:08,223 | INFO | cleaned C:\Users\ranif\Desktop\Music\!Projects\Singulars\25apr\Dm140 S\Backup removed=0 errors=0
2025-08-29 22:43:08,223 | INFO | cleaned C:\Users\ranif\Desktop\Music\!Projects\Singulars\25apr\EM124 mcan\Backup removed=0 errors=0
2025-08-29 22:43:08,223 | INFO | cleaned C:\Users\ranif\Desktop\Music\!Projects\Singulars\25apr\Fm116\Backup removed=0 errors=0
2025-08-29 22:43:08,223 | INFO | cleaned C:\Users\ranif\Desktop\Music\!Projects\Singulars\25apr\FM118 Seasons\Backup removed=0 errors=0
2025-08-29 22:43:08,282 | INFO | cleaned C:\Users\ranif\Desktop\Music\!Projects\Singulars\25apr\G#M120 or som\Backup removed=3 errors=0
2025-08-29 22:43:08,283 | INFO | cleaned C:\Users\ranif\Desktop\Music\!Projects\Singulars\25apr\Project_1\Backup removed=0 errors=0
2025-08-29 22:43:08,305 | INFO | cleaned C:\Users\ranif\Desktop\Music\!Projects\Singulars\25apr\Project_2\Backup removed=1 errors=0
2025-08-29 22:43:08,340 | INFO | cleaned C:\Users\ranif\Desktop\Music\!Projects\Singulars\25apr\Project_3\Backup removed=2 errors=0
2025-08-29 22:43:08,363 | INFO | cleaned C:\Users\ranif\Desktop\Music\!Projects\Singulars\25apr\Project_4\Backup removed=1 errors=0
2025-08-29 22:43:08,364 | INFO | cleaned C:\Users\ranif\Desktop\Music\!Projects\Singulars\25apr\Project_5\Backup removed=0 errors=0
2025-08-29 22:43:44,169 | INFO | scan start: C:\Users\ranif\Desktop\Music\!Projects\Bodies\Lost Files
2025-08-29 22:44:48,687 | INFO | scan start: C:\Users\ranif\Desktop\Music\!Projects\Practices
2025-08-29 22:44:56,643 | INFO | scan start: C:\Users\ranif\Desktop\Music\!Projects\Practices
2025-08-29 22:44:57,777 | INFO | scan start: C:\Users\ranif\Desktop\Music\!Projects\Practices
2025-08-29 22:46:11,869 | INFO | scan start: C:\Users\ranif\Desktop\Music\!Projects\Singulars\25jul
2025-08-29 22:46:19,844 | INFO | cleaned C:\Users\ranif\Desktop\Music\!Projects\Singulars\25jul\124 p\Backup removed=0 errors=0
2025-08-29 22:46:19,845 | INFO | cleaned C:\Users\ranif\Desktop\Music\!Projects\Singulars\25jul\A#m86 awd\Backup removed=0 errors=0
2025-08-29 22:46:19,845 | INFO | cleaned C:\Users\ranif\Desktop\Music\!Projects\Singulars\25jul\Am106 b\Backup removed=0 errors=0
2025-08-29 22:46:19,845 | INFO | cleaned C:\Users\ranif\Desktop\Music\!Projects\Singulars\25jul\D#m124 a\Backup removed=0 errors=0
2025-08-29 22:46:19,845 | INFO | cleaned C:\Users\ranif\Desktop\Music\!Projects\Singulars\25jul\DM98 Sweet Amphetamines\Backup removed=0 errors=0
2025-08-29 22:46:19,863 | INFO | cleaned C:\Users\ranif\Desktop\Music\!Projects\Singulars\25jul\F#m All i see\Backup removed=1 errors=0
2025-08-29 22:46:19,878 | INFO | cleaned C:\Users\ranif\Desktop\Music\!Projects\Singulars\25jul\Fm132 My Way\Backup removed=1 errors=0
2025-08-29 22:46:19,879 | INFO | cleaned C:\Users\ranif\Desktop\Music\!Projects\Singulars\25jul\G#m142 adw\Backup removed=0 errors=0
2025-08-29 22:46:19,880 | INFO | cleaned C:\Users\ranif\Desktop\Music\!Projects\Singulars\25jul\Project_1\Backup removed=0 errors=0
2025-08-29 22:46:19,880 | INFO | cleaned C:\Users\ranif\Desktop\Music\!Projects\Singulars\25jul\Project_2\Backup removed=0 errors=0
2025-08-29 22:46:20,252 | INFO | cleaned C:\Users\ranif\Desktop\Music\!Projects\Singulars\25jul\Project_3\Backup removed=17 errors=0
2025-08-29 22:46:20,327 | INFO | cleaned C:\Users\ranif\Desktop\Music\!Projects\Singulars\25jul\Project_4\Backup removed=3 errors=0
2025-08-29 22:46:23,823 | INFO | scan start: C:\Users\ranif\Desktop\Music\!Projects\Singulars\25jul
2025-08-29 22:46:42,793 | INFO | scan start: C:\Users\ranif\Desktop\Music\!Projects\Singulars\25jun
2025-08-29 22:46:59,489 | INFO | scan start: C:\Users\ranif\Desktop\Music\!Projects\Singulars
